<?xml version="1.0" encoding="UTF-8"?>
<coverage generated="1655159624415" clover="3.2.0">
  <project timestamp="1655159624415" name="All files">
    <metrics statements="146" coveredstatements="88" conditionals="32" coveredconditionals="24" methods="69" coveredmethods="32" elements="247" coveredelements="144" complexity="0" loc="146" ncloc="146" packages="4" files="8" classes="8"/>
    <package name="components">
      <metrics statements="6" coveredstatements="1" conditionals="0" coveredconditionals="0" methods="2" coveredmethods="0"/>
      <file name="navBar.jsx" path="/Users/joelzm/Documents/proyectos/BOG004-burger-queen-api-client/src/components/navBar.jsx">
        <metrics statements="6" coveredstatements="1" conditionals="0" coveredconditionals="0" methods="2" coveredmethods="0"/>
        <line num="9" count="2" type="stmt"/>
        <line num="10" count="0" type="stmt"/>
        <line num="11" count="0" type="stmt"/>
        <line num="12" count="0" type="stmt"/>
        <line num="13" count="0" type="stmt"/>
        <line num="15" count="0" type="stmt"/>
      </file>
    </package>
    <package name="components.admin">
      <metrics statements="82" coveredstatements="76" conditionals="28" coveredconditionals="24" methods="30" coveredmethods="26"/>
      <file name="adminFormProducts.jsx" path="/Users/joelzm/Documents/proyectos/BOG004-burger-queen-api-client/src/components/admin/adminFormProducts.jsx">
        <metrics statements="32" coveredstatements="29" conditionals="10" coveredconditionals="9" methods="11" coveredmethods="9"/>
        <line num="7" count="3" type="stmt"/>
        <line num="8" count="8" type="stmt"/>
        <line num="10" count="8" type="stmt"/>
        <line num="11" count="8" type="cond" truecount="2" falsecount="0"/>
        <line num="12" count="8" type="stmt"/>
        <line num="13" count="8" type="stmt"/>
        <line num="14" count="8" type="stmt"/>
        <line num="30" count="8" type="stmt"/>
        <line num="31" count="1" type="stmt"/>
        <line num="32" count="1" type="stmt"/>
        <line num="34" count="8" type="stmt"/>
        <line num="35" count="1" type="stmt"/>
        <line num="36" count="1" type="stmt"/>
        <line num="37" count="1" type="stmt"/>
        <line num="38" count="1" type="stmt"/>
        <line num="39" count="1" type="stmt"/>
        <line num="40" count="1" type="stmt"/>
        <line num="43" count="0" type="stmt"/>
        <line num="45" count="1" type="stmt"/>
        <line num="46" count="0" type="stmt"/>
        <line num="48" count="1" type="stmt"/>
        <line num="56" count="8" type="stmt"/>
        <line num="57" count="3" type="stmt"/>
        <line num="60" count="8" type="stmt"/>
        <line num="62" count="4" type="stmt"/>
        <line num="63" count="4" type="stmt"/>
        <line num="65" count="4" type="stmt"/>
        <line num="70" count="4" type="stmt"/>
        <line num="72" count="8" type="stmt"/>
        <line num="73" count="1" type="stmt"/>
        <line num="75" count="8" type="stmt"/>
        <line num="78" count="0" type="cond" truecount="2" falsecount="0"/>
      </file>
      <file name="adminFormWorkers.jsx" path="/Users/joelzm/Documents/proyectos/BOG004-burger-queen-api-client/src/components/admin/adminFormWorkers.jsx">
        <metrics statements="32" coveredstatements="29" conditionals="14" coveredconditionals="11" methods="11" coveredmethods="9"/>
        <line num="9" count="2" type="stmt"/>
        <line num="10" count="8" type="stmt"/>
        <line num="14" count="8" type="stmt"/>
        <line num="16" count="8" type="stmt"/>
        <line num="17" count="8" type="cond" truecount="2" falsecount="0"/>
        <line num="24" count="8" type="stmt"/>
        <line num="26" count="8" type="stmt"/>
        <line num="33" count="8" type="stmt"/>
        <line num="34" count="1" type="stmt"/>
        <line num="35" count="1" type="stmt"/>
        <line num="39" count="8" type="stmt"/>
        <line num="40" count="1" type="stmt"/>
        <line num="42" count="1" type="stmt"/>
        <line num="43" count="1" type="stmt"/>
        <line num="44" count="1" type="stmt"/>
        <line num="45" count="1" type="stmt"/>
        <line num="48" count="0" type="stmt"/>
        <line num="50" count="1" type="stmt"/>
        <line num="51" count="0" type="stmt"/>
        <line num="53" count="1" type="stmt"/>
        <line num="61" count="8" type="stmt"/>
        <line num="62" count="3" type="stmt"/>
        <line num="65" count="8" type="stmt"/>
        <line num="67" count="4" type="stmt"/>
        <line num="68" count="4" type="stmt"/>
        <line num="70" count="4" type="stmt"/>
        <line num="75" count="4" type="stmt"/>
        <line num="77" count="8" type="stmt"/>
        <line num="78" count="1" type="stmt"/>
        <line num="80" count="8" type="stmt"/>
        <line num="84" count="8" type="stmt"/>
        <line num="87" count="0" type="cond" truecount="2" falsecount="0"/>
      </file>
      <file name="adminProducts.jsx" path="/Users/joelzm/Documents/proyectos/BOG004-burger-queen-api-client/src/components/admin/adminProducts.jsx">
        <metrics statements="9" coveredstatements="9" conditionals="2" coveredconditionals="2" methods="4" coveredmethods="4"/>
        <line num="7" count="2" type="stmt"/>
        <line num="8" count="9" type="stmt"/>
        <line num="9" count="9" type="stmt"/>
        <line num="11" count="9" type="stmt"/>
        <line num="12" count="1" type="stmt"/>
        <line num="15" count="9" type="stmt"/>
        <line num="16" count="4" type="stmt"/>
        <line num="20" count="9" type="stmt"/>
        <line num="30" count="1" type="stmt"/>
      </file>
      <file name="adminWorkers.jsx" path="/Users/joelzm/Documents/proyectos/BOG004-burger-queen-api-client/src/components/admin/adminWorkers.jsx">
        <metrics statements="9" coveredstatements="9" conditionals="2" coveredconditionals="2" methods="4" coveredmethods="4"/>
        <line num="11" count="1" type="stmt"/>
        <line num="20" count="7" type="stmt"/>
        <line num="21" count="7" type="stmt"/>
        <line num="34" count="7" type="stmt"/>
        <line num="35" count="1" type="stmt"/>
        <line num="38" count="7" type="stmt"/>
        <line num="39" count="3" type="stmt"/>
        <line num="42" count="7" type="stmt"/>
        <line num="68" count="1" type="stmt"/>
      </file>
    </package>
    <package name="components.waiter">
      <metrics statements="12" coveredstatements="10" conditionals="0" coveredconditionals="0" methods="9" coveredmethods="6"/>
      <file name="order.jsx" path="/Users/joelzm/Documents/proyectos/BOG004-burger-queen-api-client/src/components/waiter/order.jsx">
        <metrics statements="12" coveredstatements="10" conditionals="0" coveredconditionals="0" methods="9" coveredmethods="6"/>
        <line num="9" count="4" type="stmt"/>
        <line num="10" count="4" type="stmt"/>
        <line num="11" count="4" type="stmt"/>
        <line num="14" count="4" type="stmt"/>
        <line num="15" count="1" type="stmt"/>
        <line num="17" count="1" type="stmt"/>
        <line num="22" count="4" type="stmt"/>
        <line num="24" count="3" type="stmt"/>
        <line num="29" count="4" type="stmt"/>
        <line num="33" count="0" type="stmt"/>
        <line num="34" count="0" type="stmt"/>
        <line num="38" count="2" type="stmt"/>
      </file>
    </package>
    <package name="views">
      <metrics statements="46" coveredstatements="1" conditionals="4" coveredconditionals="0" methods="28" coveredmethods="0"/>
      <file name="Adminproducts.jsx" path="/Users/joelzm/Documents/proyectos/BOG004-burger-queen-api-client/src/views/Adminproducts.jsx">
        <metrics statements="23" coveredstatements="1" conditionals="2" coveredconditionals="0" methods="14" coveredmethods="0"/>
        <line num="9" count="1" type="stmt"/>
        <line num="10" count="0" type="stmt"/>
        <line num="11" count="0" type="stmt"/>
        <line num="13" count="0" type="stmt"/>
        <line num="14" count="0" type="stmt"/>
        <line num="16" count="0" type="stmt"/>
        <line num="20" count="0" type="stmt"/>
        <line num="21" count="0" type="stmt"/>
        <line num="22" count="0" type="stmt"/>
        <line num="26" count="0" type="stmt"/>
        <line num="27" count="0" type="stmt"/>
        <line num="28" count="0" type="stmt"/>
        <line num="32" count="0" type="stmt"/>
        <line num="33" count="0" type="stmt"/>
        <line num="35" count="0" type="stmt"/>
        <line num="36" count="0" type="stmt"/>
        <line num="37" count="0" type="stmt"/>
        <line num="38" count="0" type="cond" truecount="0" falsecount="2"/>
        <line num="39" count="0" type="stmt"/>
        <line num="42" count="0" type="stmt"/>
        <line num="45" count="0" type="stmt"/>
        <line num="60" count="0" type="stmt"/>
        <line num="61" count="0" type="stmt"/>
      </file>
      <file name="Adminworkers.jsx" path="/Users/joelzm/Documents/proyectos/BOG004-burger-queen-api-client/src/views/Adminworkers.jsx">
        <metrics statements="23" coveredstatements="0" conditionals="2" coveredconditionals="0" methods="14" coveredmethods="0"/>
        <line num="8" count="0" type="stmt"/>
        <line num="9" count="0" type="stmt"/>
        <line num="10" count="0" type="stmt"/>
        <line num="13" count="0" type="stmt"/>
        <line num="14" count="0" type="stmt"/>
        <line num="16" count="0" type="stmt"/>
        <line num="21" count="0" type="stmt"/>
        <line num="22" count="0" type="stmt"/>
        <line num="23" count="0" type="stmt"/>
        <line num="24" count="0" type="stmt"/>
        <line num="28" count="0" type="stmt"/>
        <line num="29" count="0" type="stmt"/>
        <line num="30" count="0" type="stmt"/>
        <line num="34" count="0" type="stmt"/>
        <line num="35" count="0" type="stmt"/>
        <line num="37" count="0" type="stmt"/>
        <line num="38" count="0" type="stmt"/>
        <line num="39" count="0" type="stmt"/>
        <line num="40" count="0" type="cond" truecount="0" falsecount="2"/>
        <line num="41" count="0" type="stmt"/>
        <line num="44" count="0" type="stmt"/>
        <line num="47" count="0" type="stmt"/>
        <line num="62" count="0" type="stmt"/>
      </file>
    </package>
  </project>
</coverage>
