<?xml version="1.0" encoding="UTF-8"?>
<coverage generated="1744092844708" clover="3.2.0">
  <project timestamp="1744092844708" name="All files">
    <metrics statements="40" coveredstatements="25" conditionals="8" coveredconditionals="2" methods="23" coveredmethods="12" elements="71" coveredelements="39" complexity="0" loc="40" ncloc="40" packages="2" files="2" classes="2"/>
    <package name="components.waiter">
      <metrics statements="22" coveredstatements="19" conditionals="4" coveredconditionals="2" methods="14" coveredmethods="11"/>
      <file name="order.jsx" path="C:\Users\steph\Desktop\BOG004-burger-queen-api-client\src\components\waiter\order.jsx">
        <metrics statements="22" coveredstatements="19" conditionals="4" coveredconditionals="2" methods="14" coveredmethods="11"/>
        <line num="8" count="6" type="stmt"/>
        <line num="9" count="6" type="stmt"/>
        <line num="10" count="6" type="stmt"/>
        <line num="11" count="6" type="stmt"/>
        <line num="13" count="6" type="stmt"/>
        <line num="14" count="2" type="stmt"/>
        <line num="16" count="1" type="stmt"/>
        <line num="21" count="6" type="stmt"/>
        <line num="22" count="2" type="stmt"/>
        <line num="26" count="6" type="stmt"/>
        <line num="28" count="3" type="stmt"/>
        <line num="32" count="6" type="stmt"/>
        <line num="33" count="6" type="stmt"/>
        <line num="36" count="6" type="stmt"/>
        <line num="37" count="2" type="stmt"/>
        <line num="38" count="0" type="cond" truecount="0" falsecount="2"/>
        <line num="39" count="0" type="stmt"/>
        <line num="42" count="2" type="stmt"/>
        <line num="45" count="6" type="stmt"/>
        <line num="49" count="12" type="stmt"/>
        <line num="53" count="0" type="stmt"/>
        <line num="61" count="2" type="stmt"/>
      </file>
    </package>
    <package name="views">
      <metrics statements="18" coveredstatements="6" conditionals="4" coveredconditionals="0" methods="9" coveredmethods="1"/>
      <file name="Order.jsx" path="C:\Users\steph\Desktop\BOG004-burger-queen-api-client\src\views\Order.jsx">
        <metrics statements="18" coveredstatements="6" conditionals="4" coveredconditionals="0" methods="9" coveredmethods="1"/>
        <line num="8" count="1" type="stmt"/>
        <line num="9" count="1" type="stmt"/>
        <line num="10" count="1" type="stmt"/>
        <line num="11" count="0" type="stmt"/>
        <line num="12" count="0" type="cond" truecount="0" falsecount="2"/>
        <line num="13" count="0" type="stmt"/>
        <line num="15" count="0" type="stmt"/>
        <line num="17" count="0" type="stmt"/>
        <line num="19" count="1" type="stmt"/>
        <line num="20" count="0" type="stmt"/>
        <line num="21" count="0" type="stmt"/>
        <line num="22" count="0" type="cond" truecount="0" falsecount="2"/>
        <line num="23" count="0" type="stmt"/>
        <line num="24" count="0" type="stmt"/>
        <line num="28" count="0" type="stmt"/>
        <line num="31" count="1" type="stmt"/>
        <line num="32" count="0" type="stmt"/>
        <line num="35" count="1" type="stmt"/>
      </file>
    </package>
  </project>
</coverage>
