{"/Users/joelzm/Documents/proyectos/BOG004-burger-queen-api-client/src/babel.config.js": {"path":"/Users/joelzm/Documents/proyectos/BOG004-burger-queen-api-client/src/babel.config.js","statementMap":{"0":{"start":{"line":1,"column":23},"end":{"line":4,"column":1}}},"fnMap":{},"branchMap":{},"s":{"0":0},"f":{},"b":{}}
,"/Users/joelzm/Documents/proyectos/BOG004-burger-queen-api-client/src/index.js": {"path":"/Users/joelzm/Documents/proyectos/BOG004-burger-queen-api-client/src/index.js","statementMap":{"0":{"start":{"line":7,"column":13},"end":{"line":7,"column":65}},"1":{"start":{"line":8,"column":0},"end":{"line":12,"column":2}},"2":{"start":{"line":17,"column":0},"end":{"line":17,"column":18}}},"fnMap":{},"branchMap":{},"s":{"0":0,"1":0,"2":0},"f":{},"b":{}}
,"/Users/joelzm/Documents/proyectos/BOG004-burger-queen-api-client/src/reportWebVitals.js": {"path":"/Users/joelzm/Documents/proyectos/BOG004-burger-queen-api-client/src/reportWebVitals.js","statementMap":{"0":{"start":{"line":1,"column":24},"end":{"line":11,"column":1}},"1":{"start":{"line":2,"column":2},"end":{"line":10,"column":3}},"2":{"start":{"line":3,"column":4},"end":{"line":9,"column":7}},"3":{"start":{"line":4,"column":6},"end":{"line":4,"column":26}},"4":{"start":{"line":5,"column":6},"end":{"line":5,"column":26}},"5":{"start":{"line":6,"column":6},"end":{"line":6,"column":26}},"6":{"start":{"line":7,"column":6},"end":{"line":7,"column":26}},"7":{"start":{"line":8,"column":6},"end":{"line":8,"column":27}}},"fnMap":{"0":{"name":"(anonymous_0)","decl":{"start":{"line":1,"column":24},"end":{"line":1,"column":25}},"loc":{"start":{"line":1,"column":39},"end":{"line":11,"column":1}},"line":1},"1":{"name":"(anonymous_1)","decl":{"start":{"line":3,"column":30},"end":{"line":3,"column":31}},"loc":{"start":{"line":3,"column":79},"end":{"line":9,"column":5}},"line":3}},"branchMap":{"0":{"loc":{"start":{"line":2,"column":2},"end":{"line":10,"column":3}},"type":"if","locations":[{"start":{"line":2,"column":2},"end":{"line":10,"column":3}},{"start":{},"end":{}}],"line":2},"1":{"loc":{"start":{"line":2,"column":6},"end":{"line":2,"column":52}},"type":"binary-expr","locations":[{"start":{"line":2,"column":6},"end":{"line":2,"column":17}},{"start":{"line":2,"column":21},"end":{"line":2,"column":52}}],"line":2}},"s":{"0":0,"1":0,"2":0,"3":0,"4":0,"5":0,"6":0,"7":0},"f":{"0":0,"1":0},"b":{"0":[0,0],"1":[0,0]}}
,"/Users/joelzm/Documents/proyectos/BOG004-burger-queen-api-client/src/components/navBar.jsx": {"path":"/Users/joelzm/Documents/proyectos/BOG004-burger-queen-api-client/src/components/navBar.jsx","statementMap":{"0":{"start":{"line":8,"column":15},"end":{"line":26,"column":1}},"1":{"start":{"line":9,"column":19},"end":{"line":9,"column":32}},"2":{"start":{"line":10,"column":15},"end":{"line":13,"column":3}},"3":{"start":{"line":11,"column":4},"end":{"line":11,"column":27}},"4":{"start":{"line":12,"column":4},"end":{"line":12,"column":18}},"5":{"start":{"line":14,"column":2},"end":{"line":25,"column":4}}},"fnMap":{"0":{"name":"(anonymous_0)","decl":{"start":{"line":8,"column":15},"end":{"line":8,"column":16}},"loc":{"start":{"line":8,"column":26},"end":{"line":26,"column":1}},"line":8},"1":{"name":"(anonymous_1)","decl":{"start":{"line":10,"column":15},"end":{"line":10,"column":16}},"loc":{"start":{"line":10,"column":19},"end":{"line":13,"column":3}},"line":10}},"branchMap":{},"s":{"0":0,"1":0,"2":0,"3":0,"4":0,"5":0},"f":{"0":0,"1":0},"b":{}}
,"/Users/joelzm/Documents/proyectos/BOG004-burger-queen-api-client/src/components/admin/adminFormProducts.jsx": {"path":"/Users/joelzm/Documents/proyectos/BOG004-burger-queen-api-client/src/components/admin/adminFormProducts.jsx","statementMap":{},"fnMap":{},"branchMap":{},"s":{},"f":{},"b":{}}
,"/Users/joelzm/Documents/proyectos/BOG004-burger-queen-api-client/src/components/admin/adminFormWorkers.jsx": {"path":"/Users/joelzm/Documents/proyectos/BOG004-burger-queen-api-client/src/components/admin/adminFormWorkers.jsx","statementMap":{"0":{"start":{"line":9,"column":25},"end":{"line":186,"column":1}},"1":{"start":{"line":13,"column":6},"end":{"line":13,"column":61}},"2":{"start":{"line":15,"column":34},"end":{"line":15,"column":46}},"3":{"start":{"line":16,"column":30},"end":{"line":22,"column":4}},"4":{"start":{"line":23,"column":32},"end":{"line":23,"column":44}},"5":{"start":{"line":25,"column":15},"end":{"line":30,"column":3}},"6":{"start":{"line":31,"column":24},"end":{"line":53,"column":3}},"7":{"start":{"line":32,"column":4},"end":{"line":32,"column":23}},"8":{"start":{"line":34,"column":4},"end":{"line":43,"column":5}},"9":{"start":{"line":35,"column":6},"end":{"line":40,"column":8}},"10":{"start":{"line":42,"column":6},"end":{"line":42,"column":51}},"11":{"start":{"line":44,"column":4},"end":{"line":46,"column":13}},"12":{"start":{"line":45,"column":6},"end":{"line":45,"column":23}},"13":{"start":{"line":47,"column":3},"end":{"line":52,"column":4}},"14":{"start":{"line":54,"column":23},"end":{"line":65,"column":3}},"15":{"start":{"line":56,"column":23},"end":{"line":56,"column":24}},"16":{"start":{"line":57,"column":28},"end":{"line":57,"column":34}},"17":{"start":{"line":59,"column":22},"end":{"line":63,"column":5}},"18":{"start":{"line":64,"column":4},"end":{"line":64,"column":25}},"19":{"start":{"line":66,"column":23},"end":{"line":68,"column":3}},"20":{"start":{"line":67,"column":4},"end":{"line":67,"column":23}},"21":{"start":{"line":69,"column":16},"end":{"line":71,"column":3}},"22":{"start":{"line":73,"column":2},"end":{"line":185,"column":4}}},"fnMap":{"0":{"name":"(anonymous_0)","decl":{"start":{"line":9,"column":25},"end":{"line":9,"column":26}},"loc":{"start":{"line":9,"column":31},"end":{"line":186,"column":1}},"line":9},"1":{"name":"(anonymous_1)","decl":{"start":{"line":31,"column":24},"end":{"line":31,"column":25}},"loc":{"start":{"line":31,"column":37},"end":{"line":53,"column":3}},"line":31},"2":{"name":"(anonymous_2)","decl":{"start":{"line":44,"column":15},"end":{"line":44,"column":16}},"loc":{"start":{"line":44,"column":21},"end":{"line":46,"column":5}},"line":44},"3":{"name":"(anonymous_3)","decl":{"start":{"line":54,"column":23},"end":{"line":54,"column":24}},"loc":{"start":{"line":54,"column":30},"end":{"line":65,"column":3}},"line":54},"4":{"name":"(anonymous_4)","decl":{"start":{"line":66,"column":23},"end":{"line":66,"column":24}},"loc":{"start":{"line":66,"column":30},"end":{"line":68,"column":3}},"line":66}},"branchMap":{"0":{"loc":{"start":{"line":118,"column":11},"end":{"line":118,"column":76}},"type":"binary-expr","locations":[{"start":{"line":118,"column":11},"end":{"line":118,"column":23}},{"start":{"line":118,"column":27},"end":{"line":118,"column":76}}],"line":118},"1":{"loc":{"start":{"line":151,"column":11},"end":{"line":153,"column":11}},"type":"binary-expr","locations":[{"start":{"line":151,"column":11},"end":{"line":151,"column":26}},{"start":{"line":152,"column":12},"end":{"line":152,"column":64}}],"line":151},"2":{"loc":{"start":{"line":175,"column":9},"end":{"line":177,"column":9}},"type":"binary-expr","locations":[{"start":{"line":175,"column":9},"end":{"line":175,"column":17}},{"start":{"line":176,"column":10},"end":{"line":176,"column":72}}],"line":175},"3":{"loc":{"start":{"line":179,"column":7},"end":{"line":183,"column":7}},"type":"binary-expr","locations":[{"start":{"line":179,"column":7},"end":{"line":179,"column":14}},{"start":{"line":180,"column":8},"end":{"line":182,"column":16}}],"line":179}},"s":{"0":0,"1":0,"2":0,"3":0,"4":0,"5":0,"6":0,"7":0,"8":0,"9":0,"10":0,"11":0,"12":0,"13":0,"14":0,"15":0,"16":0,"17":0,"18":0,"19":0,"20":0,"21":0,"22":0},"f":{"0":0,"1":0,"2":0,"3":0,"4":0},"b":{"0":[0,0],"1":[0,0],"2":[0,0],"3":[0,0]}}
,"/Users/joelzm/Documents/proyectos/BOG004-burger-queen-api-client/src/components/admin/adminProducts.jsx": {"path":"/Users/joelzm/Documents/proyectos/BOG004-burger-queen-api-client/src/components/admin/adminProducts.jsx","statementMap":{},"fnMap":{},"branchMap":{},"s":{},"f":{},"b":{}}
,"/Users/joelzm/Documents/proyectos/BOG004-burger-queen-api-client/src/components/admin/adminWorkers.jsx": {"path":"/Users/joelzm/Documents/proyectos/BOG004-burger-queen-api-client/src/components/admin/adminWorkers.jsx","statementMap":{"0":{"start":{"line":5,"column":21},"end":{"line":29,"column":1}},"1":{"start":{"line":6,"column":28},"end":{"line":6,"column":40}},"2":{"start":{"line":8,"column":2},"end":{"line":14,"column":9}},"3":{"start":{"line":9,"column":4},"end":{"line":13,"column":23}},"4":{"start":{"line":11,"column":8},"end":{"line":11,"column":32}},"5":{"start":{"line":16,"column":2},"end":{"line":28,"column":4}},"6":{"start":{"line":19,"column":8},"end":{"line":25,"column":10}}},"fnMap":{"0":{"name":"(anonymous_0)","decl":{"start":{"line":5,"column":21},"end":{"line":5,"column":22}},"loc":{"start":{"line":5,"column":27},"end":{"line":29,"column":1}},"line":5},"1":{"name":"(anonymous_1)","decl":{"start":{"line":8,"column":12},"end":{"line":8,"column":13}},"loc":{"start":{"line":8,"column":18},"end":{"line":14,"column":3}},"line":8},"2":{"name":"(anonymous_2)","decl":{"start":{"line":10,"column":12},"end":{"line":10,"column":13}},"loc":{"start":{"line":10,"column":26},"end":{"line":12,"column":7}},"line":10},"3":{"name":"(anonymous_3)","decl":{"start":{"line":13,"column":13},"end":{"line":13,"column":14}},"loc":{"start":{"line":13,"column":19},"end":{"line":13,"column":21}},"line":13},"4":{"name":"(anonymous_4)","decl":{"start":{"line":18,"column":17},"end":{"line":18,"column":18}},"loc":{"start":{"line":18,"column":27},"end":{"line":26,"column":7}},"line":18}},"branchMap":{},"s":{"0":0,"1":0,"2":0,"3":0,"4":0,"5":0,"6":0},"f":{"0":0,"1":0,"2":0,"3":0,"4":0},"b":{}}
,"/Users/joelzm/Documents/proyectos/BOG004-burger-queen-api-client/src/components/kitchen/kitchen.jsx": {"path":"/Users/joelzm/Documents/proyectos/BOG004-burger-queen-api-client/src/components/kitchen/kitchen.jsx","statementMap":{"0":{"start":{"line":6,"column":16},"end":{"line":97,"column":1}},"1":{"start":{"line":7,"column":40},"end":{"line":7,"column":52}},"2":{"start":{"line":8,"column":18},"end":{"line":8,"column":67}},"3":{"start":{"line":8,"column":32},"end":{"line":8,"column":62}},"4":{"start":{"line":10,"column":16},"end":{"line":10,"column":26}},"5":{"start":{"line":11,"column":18},"end":{"line":23,"column":3}},"6":{"start":{"line":24,"column":2},"end":{"line":24,"column":59}},"7":{"start":{"line":25,"column":22},"end":{"line":62,"column":3}},"8":{"start":{"line":26,"column":4},"end":{"line":59,"column":7}},"9":{"start":{"line":27,"column":19},"end":{"line":30,"column":7}},"10":{"start":{"line":32,"column":24},"end":{"line":42,"column":7}},"11":{"start":{"line":33,"column":22},"end":{"line":33,"column":54}},"12":{"start":{"line":34,"column":20},"end":{"line":34,"column":59}},"13":{"start":{"line":35,"column":18},"end":{"line":35,"column":62}},"14":{"start":{"line":37,"column":8},"end":{"line":37,"column":49}},"15":{"start":{"line":38,"column":8},"end":{"line":38,"column":57}},"16":{"start":{"line":39,"column":8},"end":{"line":39,"column":57}},"17":{"start":{"line":41,"column":8},"end":{"line":41,"column":53}},"18":{"start":{"line":43,"column":6},"end":{"line":43,"column":60}},"19":{"start":{"line":45,"column":6},"end":{"line":48,"column":15}},"20":{"start":{"line":46,"column":8},"end":{"line":46,"column":37}},"21":{"start":{"line":47,"column":8},"end":{"line":47,"column":29}},"22":{"start":{"line":50,"column":6},"end":{"line":58,"column":7}},"23":{"start":{"line":51,"column":8},"end":{"line":53,"column":10}},"24":{"start":{"line":55,"column":8},"end":{"line":57,"column":10}},"25":{"start":{"line":61,"column":4},"end":{"line":61,"column":40}},"26":{"start":{"line":64,"column":2},"end":{"line":66,"column":16}},"27":{"start":{"line":65,"column":4},"end":{"line":65,"column":33}},"28":{"start":{"line":65,"column":17},"end":{"line":65,"column":32}},"29":{"start":{"line":68,"column":2},"end":{"line":96,"column":4}},"30":{"start":{"line":74,"column":12},"end":{"line":82,"column":14}}},"fnMap":{"0":{"name":"(anonymous_0)","decl":{"start":{"line":6,"column":16},"end":{"line":6,"column":17}},"loc":{"start":{"line":6,"column":27},"end":{"line":97,"column":1}},"line":6},"1":{"name":"(anonymous_1)","decl":{"start":{"line":8,"column":26},"end":{"line":8,"column":27}},"loc":{"start":{"line":8,"column":32},"end":{"line":8,"column":62}},"line":8},"2":{"name":"(anonymous_2)","decl":{"start":{"line":25,"column":22},"end":{"line":25,"column":23}},"loc":{"start":{"line":25,"column":28},"end":{"line":62,"column":3}},"line":25},"3":{"name":"(anonymous_3)","decl":{"start":{"line":26,"column":40},"end":{"line":26,"column":41}},"loc":{"start":{"line":26,"column":49},"end":{"line":59,"column":5}},"line":26},"4":{"name":"(anonymous_4)","decl":{"start":{"line":32,"column":24},"end":{"line":32,"column":25}},"loc":{"start":{"line":32,"column":36},"end":{"line":42,"column":7}},"line":32},"5":{"name":"(anonymous_5)","decl":{"start":{"line":45,"column":17},"end":{"line":45,"column":18}},"loc":{"start":{"line":45,"column":23},"end":{"line":48,"column":7}},"line":45},"6":{"name":"(anonymous_6)","decl":{"start":{"line":64,"column":12},"end":{"line":64,"column":13}},"loc":{"start":{"line":64,"column":18},"end":{"line":66,"column":3}},"line":64},"7":{"name":"(anonymous_7)","decl":{"start":{"line":65,"column":11},"end":{"line":65,"column":12}},"loc":{"start":{"line":65,"column":17},"end":{"line":65,"column":32}},"line":65},"8":{"name":"(anonymous_8)","decl":{"start":{"line":73,"column":29},"end":{"line":73,"column":30}},"loc":{"start":{"line":73,"column":42},"end":{"line":83,"column":11}},"line":73}},"branchMap":{"0":{"loc":{"start":{"line":37,"column":16},"end":{"line":37,"column":48}},"type":"cond-expr","locations":[{"start":{"line":37,"column":29},"end":{"line":37,"column":40}},{"start":{"line":37,"column":43},"end":{"line":37,"column":48}}],"line":37},"1":{"loc":{"start":{"line":38,"column":18},"end":{"line":38,"column":56}},"type":"cond-expr","locations":[{"start":{"line":38,"column":33},"end":{"line":38,"column":46}},{"start":{"line":38,"column":49},"end":{"line":38,"column":56}}],"line":38},"2":{"loc":{"start":{"line":39,"column":18},"end":{"line":39,"column":56}},"type":"cond-expr","locations":[{"start":{"line":39,"column":33},"end":{"line":39,"column":46}},{"start":{"line":39,"column":49},"end":{"line":39,"column":56}}],"line":39},"3":{"loc":{"start":{"line":50,"column":6},"end":{"line":58,"column":7}},"type":"if","locations":[{"start":{"line":50,"column":6},"end":{"line":58,"column":7}},{"start":{"line":54,"column":13},"end":{"line":58,"column":7}}],"line":50},"4":{"loc":{"start":{"line":89,"column":9},"end":{"line":93,"column":9}},"type":"binary-expr","locations":[{"start":{"line":89,"column":9},"end":{"line":89,"column":20}},{"start":{"line":90,"column":10},"end":{"line":92,"column":18}}],"line":89}},"s":{"0":1,"1":2,"2":2,"3":1,"4":2,"5":2,"6":2,"7":2,"8":1,"9":1,"10":1,"11":3,"12":3,"13":3,"14":3,"15":3,"16":3,"17":3,"18":1,"19":1,"20":0,"21":0,"22":1,"23":0,"24":1,"25":1,"26":2,"27":1,"28":1,"29":2,"30":2},"f":{"0":2,"1":1,"2":1,"3":1,"4":3,"5":0,"6":1,"7":1,"8":2},"b":{"0":[3,0],"1":[0,3],"2":[3,0],"3":[0,1],"4":[2,1]},"_coverageSchema":"1a1c01bbd47fc00a2c39e90264f33305004495a9","hash":"25231264d75a8522e9f1725f1e2b354b40ccdf8d"}
,"/Users/joelzm/Documents/proyectos/BOG004-burger-queen-api-client/src/components/login/login.jsx": {"path":"/Users/joelzm/Documents/proyectos/BOG004-burger-queen-api-client/src/components/login/login.jsx","statementMap":{"0":{"start":{"line":10,"column":14},"end":{"line":135,"column":1}},"1":{"start":{"line":14,"column":6},"end":{"line":14,"column":61}},"2":{"start":{"line":17,"column":34},"end":{"line":17,"column":46}},"3":{"start":{"line":19,"column":19},"end":{"line":19,"column":32}},"4":{"start":{"line":20,"column":30},"end":{"line":24,"column":4}},"5":{"start":{"line":25,"column":21},"end":{"line":45,"column":3}},"6":{"start":{"line":26,"column":4},"end":{"line":26,"column":23}},"7":{"start":{"line":28,"column":4},"end":{"line":44,"column":5}},"8":{"start":{"line":29,"column":23},"end":{"line":29,"column":42}},"9":{"start":{"line":30,"column":6},"end":{"line":30,"column":30}},"10":{"start":{"line":32,"column":20},"end":{"line":32,"column":35}},"11":{"start":{"line":33,"column":18},"end":{"line":33,"column":72}},"12":{"start":{"line":33,"column":44},"end":{"line":33,"column":71}},"13":{"start":{"line":34,"column":6},"end":{"line":34,"column":30}},"14":{"start":{"line":35,"column":6},"end":{"line":41,"column":7}},"15":{"start":{"line":36,"column":8},"end":{"line":36,"column":27}},"16":{"start":{"line":37,"column":13},"end":{"line":41,"column":7}},"17":{"start":{"line":38,"column":8},"end":{"line":38,"column":27}},"18":{"start":{"line":40,"column":8},"end":{"line":40,"column":29}},"19":{"start":{"line":43,"column":6},"end":{"line":43,"column":58}},"20":{"start":{"line":46,"column":23},"end":{"line":57,"column":3}},"21":{"start":{"line":48,"column":23},"end":{"line":48,"column":24}},"22":{"start":{"line":49,"column":28},"end":{"line":49,"column":34}},"23":{"start":{"line":51,"column":22},"end":{"line":55,"column":5}},"24":{"start":{"line":56,"column":4},"end":{"line":56,"column":25}},"25":{"start":{"line":58,"column":23},"end":{"line":60,"column":3}},"26":{"start":{"line":59,"column":4},"end":{"line":59,"column":23}},"27":{"start":{"line":61,"column":16},"end":{"line":63,"column":3}},"28":{"start":{"line":64,"column":2},"end":{"line":134,"column":4}}},"fnMap":{"0":{"name":"(anonymous_0)","decl":{"start":{"line":10,"column":14},"end":{"line":10,"column":15}},"loc":{"start":{"line":10,"column":20},"end":{"line":135,"column":1}},"line":10},"1":{"name":"(anonymous_1)","decl":{"start":{"line":25,"column":21},"end":{"line":25,"column":22}},"loc":{"start":{"line":25,"column":34},"end":{"line":45,"column":3}},"line":25},"2":{"name":"(anonymous_2)","decl":{"start":{"line":33,"column":34},"end":{"line":33,"column":35}},"loc":{"start":{"line":33,"column":44},"end":{"line":33,"column":71}},"line":33},"3":{"name":"(anonymous_3)","decl":{"start":{"line":46,"column":23},"end":{"line":46,"column":24}},"loc":{"start":{"line":46,"column":30},"end":{"line":57,"column":3}},"line":46},"4":{"name":"(anonymous_4)","decl":{"start":{"line":58,"column":23},"end":{"line":58,"column":24}},"loc":{"start":{"line":58,"column":30},"end":{"line":60,"column":3}},"line":58}},"branchMap":{"0":{"loc":{"start":{"line":35,"column":6},"end":{"line":41,"column":7}},"type":"if","locations":[{"start":{"line":35,"column":6},"end":{"line":41,"column":7}},{"start":{"line":37,"column":13},"end":{"line":41,"column":7}}],"line":35},"1":{"loc":{"start":{"line":37,"column":13},"end":{"line":41,"column":7}},"type":"if","locations":[{"start":{"line":37,"column":13},"end":{"line":41,"column":7}},{"start":{"line":39,"column":13},"end":{"line":41,"column":7}}],"line":37},"2":{"loc":{"start":{"line":92,"column":9},"end":{"line":92,"column":74}},"type":"binary-expr","locations":[{"start":{"line":92,"column":9},"end":{"line":92,"column":21}},{"start":{"line":92,"column":25},"end":{"line":92,"column":74}}],"line":92},"3":{"loc":{"start":{"line":124,"column":9},"end":{"line":126,"column":9}},"type":"binary-expr","locations":[{"start":{"line":124,"column":9},"end":{"line":124,"column":24}},{"start":{"line":125,"column":10},"end":{"line":125,"column":62}}],"line":124},"4":{"loc":{"start":{"line":128,"column":7},"end":{"line":128,"column":78}},"type":"binary-expr","locations":[{"start":{"line":128,"column":7},"end":{"line":128,"column":15}},{"start":{"line":128,"column":19},"end":{"line":128,"column":78}}],"line":128}},"s":{"0":1,"1":7,"2":7,"3":7,"4":7,"5":7,"6":2,"7":2,"8":2,"9":1,"10":1,"11":1,"12":3,"13":1,"14":1,"15":1,"16":0,"17":0,"18":0,"19":1,"20":7,"21":4,"22":4,"23":4,"24":4,"25":7,"26":0,"27":7,"28":7},"f":{"0":7,"1":2,"2":3,"3":4,"4":0},"b":{"0":[1,0],"1":[0,0],"2":[7,0],"3":[7,0],"4":[7,1]},"_coverageSchema":"1a1c01bbd47fc00a2c39e90264f33305004495a9","hash":"02be5b40fcd88410a90a2285272e6f03990d44c5"}
,"/Users/joelzm/Documents/proyectos/BOG004-burger-queen-api-client/src/components/waiter/order.jsx": {"path":"/Users/joelzm/Documents/proyectos/BOG004-burger-queen-api-client/src/components/waiter/order.jsx","statementMap":{"0":{"start":{"line":9,"column":36},"end":{"line":9,"column":48}},"1":{"start":{"line":10,"column":50},"end":{"line":10,"column":62}},"2":{"start":{"line":11,"column":34},"end":{"line":11,"column":54}},"3":{"start":{"line":14,"column":2},"end":{"line":20,"column":9}},"4":{"start":{"line":15,"column":4},"end":{"line":19,"column":23}},"5":{"start":{"line":17,"column":8},"end":{"line":17,"column":36}},"6":{"start":{"line":22,"column":2},"end":{"line":26,"column":27}},"7":{"start":{"line":24,"column":6},"end":{"line":24,"column":71}},"8":{"start":{"line":24,"column":50},"end":{"line":24,"column":69}},"9":{"start":{"line":29,"column":2},"end":{"line":54,"column":4}},"10":{"start":{"line":33,"column":50},"end":{"line":33,"column":73}},"11":{"start":{"line":34,"column":46},"end":{"line":34,"column":69}},"12":{"start":{"line":38,"column":8},"end":{"line":49,"column":12}}},"fnMap":{"0":{"name":"Order","decl":{"start":{"line":7,"column":24},"end":{"line":7,"column":29}},"loc":{"start":{"line":7,"column":52},"end":{"line":55,"column":1}},"line":7},"1":{"name":"(anonymous_1)","decl":{"start":{"line":14,"column":12},"end":{"line":14,"column":13}},"loc":{"start":{"line":14,"column":16},"end":{"line":20,"column":3}},"line":14},"2":{"name":"(anonymous_2)","decl":{"start":{"line":16,"column":12},"end":{"line":16,"column":13}},"loc":{"start":{"line":16,"column":26},"end":{"line":18,"column":7}},"line":16},"3":{"name":"(anonymous_3)","decl":{"start":{"line":19,"column":13},"end":{"line":19,"column":14}},"loc":{"start":{"line":19,"column":19},"end":{"line":19,"column":21}},"line":19},"4":{"name":"(anonymous_4)","decl":{"start":{"line":22,"column":12},"end":{"line":22,"column":13}},"loc":{"start":{"line":22,"column":18},"end":{"line":26,"column":3}},"line":22},"5":{"name":"(anonymous_5)","decl":{"start":{"line":24,"column":43},"end":{"line":24,"column":44}},"loc":{"start":{"line":24,"column":50},"end":{"line":24,"column":69}},"line":24},"6":{"name":"(anonymous_6)","decl":{"start":{"line":33,"column":45},"end":{"line":33,"column":46}},"loc":{"start":{"line":33,"column":50},"end":{"line":33,"column":73}},"line":33},"7":{"name":"(anonymous_7)","decl":{"start":{"line":34,"column":41},"end":{"line":34,"column":42}},"loc":{"start":{"line":34,"column":46},"end":{"line":34,"column":69}},"line":34},"8":{"name":"(anonymous_8)","decl":{"start":{"line":37,"column":28},"end":{"line":37,"column":29}},"loc":{"start":{"line":37,"column":42},"end":{"line":50,"column":9}},"line":37}},"branchMap":{},"s":{"0":4,"1":4,"2":4,"3":4,"4":1,"5":1,"6":4,"7":2,"8":3,"9":4,"10":0,"11":0,"12":2},"f":{"0":4,"1":1,"2":1,"3":0,"4":2,"5":3,"6":0,"7":0,"8":2},"b":{},"_coverageSchema":"1a1c01bbd47fc00a2c39e90264f33305004495a9","hash":"9eaec22c45056020db05361a21bc7f5668cd0470"}
,"/Users/joelzm/Documents/proyectos/BOG004-burger-queen-api-client/src/components/waiter/orderSummary.jsx": {"path":"/Users/joelzm/Documents/proyectos/BOG004-burger-queen-api-client/src/components/waiter/orderSummary.jsx","statementMap":{"0":{"start":{"line":7,"column":21},"end":{"line":105,"column":1}},"1":{"start":{"line":8,"column":18},"end":{"line":8,"column":67}},"2":{"start":{"line":8,"column":32},"end":{"line":8,"column":62}},"3":{"start":{"line":10,"column":30},"end":{"line":12,"column":4}},"4":{"start":{"line":13,"column":32},"end":{"line":13,"column":44}},"5":{"start":{"line":15,"column":23},"end":{"line":51,"column":3}},"6":{"start":{"line":16,"column":4},"end":{"line":16,"column":23}},"7":{"start":{"line":17,"column":18},"end":{"line":17,"column":28}},"8":{"start":{"line":18,"column":17},"end":{"line":32,"column":5}},"9":{"start":{"line":34,"column":4},"end":{"line":40,"column":23}},"10":{"start":{"line":36,"column":8},"end":{"line":36,"column":45}},"11":{"start":{"line":38,"column":8},"end":{"line":38,"column":43}},"12":{"start":{"line":42,"column":4},"end":{"line":44,"column":7}},"13":{"start":{"line":46,"column":4},"end":{"line":46,"column":12}},"14":{"start":{"line":48,"column":4},"end":{"line":50,"column":13}},"15":{"start":{"line":49,"column":6},"end":{"line":49,"column":23}},"16":{"start":{"line":53,"column":2},"end":{"line":55,"column":16}},"17":{"start":{"line":54,"column":4},"end":{"line":54,"column":33}},"18":{"start":{"line":54,"column":17},"end":{"line":54,"column":32}},"19":{"start":{"line":57,"column":23},"end":{"line":66,"column":3}},"20":{"start":{"line":58,"column":23},"end":{"line":58,"column":24}},"21":{"start":{"line":59,"column":28},"end":{"line":59,"column":34}},"22":{"start":{"line":61,"column":22},"end":{"line":64,"column":5}},"23":{"start":{"line":65,"column":4},"end":{"line":65,"column":25}},"24":{"start":{"line":68,"column":21},"end":{"line":71,"column":3}},"25":{"start":{"line":69,"column":24},"end":{"line":69,"column":64}},"26":{"start":{"line":72,"column":2},"end":{"line":104,"column":4}}},"fnMap":{"0":{"name":"(anonymous_0)","decl":{"start":{"line":7,"column":21},"end":{"line":7,"column":22}},"loc":{"start":{"line":7,"column":70},"end":{"line":105,"column":1}},"line":7},"1":{"name":"(anonymous_1)","decl":{"start":{"line":8,"column":26},"end":{"line":8,"column":27}},"loc":{"start":{"line":8,"column":32},"end":{"line":8,"column":62}},"line":8},"2":{"name":"(anonymous_2)","decl":{"start":{"line":15,"column":23},"end":{"line":15,"column":24}},"loc":{"start":{"line":15,"column":30},"end":{"line":51,"column":3}},"line":15},"3":{"name":"(anonymous_3)","decl":{"start":{"line":35,"column":12},"end":{"line":35,"column":13}},"loc":{"start":{"line":35,"column":26},"end":{"line":39,"column":7}},"line":35},"4":{"name":"(anonymous_4)","decl":{"start":{"line":40,"column":13},"end":{"line":40,"column":14}},"loc":{"start":{"line":40,"column":19},"end":{"line":40,"column":21}},"line":40},"5":{"name":"(anonymous_5)","decl":{"start":{"line":48,"column":15},"end":{"line":48,"column":16}},"loc":{"start":{"line":48,"column":21},"end":{"line":50,"column":5}},"line":48},"6":{"name":"(anonymous_6)","decl":{"start":{"line":53,"column":12},"end":{"line":53,"column":13}},"loc":{"start":{"line":53,"column":18},"end":{"line":55,"column":3}},"line":53},"7":{"name":"(anonymous_7)","decl":{"start":{"line":54,"column":11},"end":{"line":54,"column":12}},"loc":{"start":{"line":54,"column":17},"end":{"line":54,"column":32}},"line":54},"8":{"name":"(anonymous_8)","decl":{"start":{"line":57,"column":23},"end":{"line":57,"column":24}},"loc":{"start":{"line":57,"column":30},"end":{"line":66,"column":3}},"line":57},"9":{"name":"(anonymous_9)","decl":{"start":{"line":69,"column":4},"end":{"line":69,"column":5}},"loc":{"start":{"line":69,"column":24},"end":{"line":69,"column":64}},"line":69}},"branchMap":{"0":{"loc":{"start":{"line":98,"column":7},"end":{"line":102,"column":11}},"type":"binary-expr","locations":[{"start":{"line":98,"column":7},"end":{"line":98,"column":14}},{"start":{"line":99,"column":12},"end":{"line":101,"column":20}}],"line":98}},"s":{"0":1,"1":4,"2":1,"3":4,"4":4,"5":4,"6":1,"7":1,"8":1,"9":1,"10":1,"11":1,"12":1,"13":1,"14":1,"15":0,"16":4,"17":1,"18":1,"19":4,"20":1,"21":1,"22":1,"23":1,"24":4,"25":4,"26":4},"f":{"0":4,"1":1,"2":1,"3":1,"4":0,"5":0,"6":1,"7":1,"8":1,"9":4},"b":{"0":[4,1]},"_coverageSchema":"1a1c01bbd47fc00a2c39e90264f33305004495a9","hash":"660640ff8b5eb88a27a10a9d5a47d134e3dbfec0"}
,"/Users/joelzm/Documents/proyectos/BOG004-burger-queen-api-client/src/components/waiter/product.jsx": {"path":"/Users/joelzm/Documents/proyectos/BOG004-burger-queen-api-client/src/components/waiter/product.jsx","statementMap":{"0":{"start":{"line":3,"column":16},"end":{"line":16,"column":1}},"1":{"start":{"line":4,"column":18},"end":{"line":6,"column":3}},"2":{"start":{"line":5,"column":4},"end":{"line":5,"column":99}},"3":{"start":{"line":8,"column":2},"end":{"line":15,"column":4}}},"fnMap":{"0":{"name":"(anonymous_0)","decl":{"start":{"line":3,"column":16},"end":{"line":3,"column":17}},"loc":{"start":{"line":3,"column":27},"end":{"line":16,"column":1}},"line":3},"1":{"name":"(anonymous_1)","decl":{"start":{"line":4,"column":18},"end":{"line":4,"column":19}},"loc":{"start":{"line":4,"column":24},"end":{"line":6,"column":3}},"line":4}},"branchMap":{},"s":{"0":2,"1":5,"2":1,"3":5},"f":{"0":5,"1":1},"b":{},"_coverageSchema":"1a1c01bbd47fc00a2c39e90264f33305004495a9","hash":"364861da7968a8b66a9e6c4cbd5de37cbc2b9b3a"}
,"/Users/joelzm/Documents/proyectos/BOG004-burger-queen-api-client/src/components/waiter/productSummary.jsx": {"path":"/Users/joelzm/Documents/proyectos/BOG004-burger-queen-api-client/src/components/waiter/productSummary.jsx","statementMap":{"0":{"start":{"line":4,"column":23},"end":{"line":24,"column":1}},"1":{"start":{"line":8,"column":2},"end":{"line":23,"column":5}},"2":{"start":{"line":9,"column":4},"end":{"line":22,"column":10}},"3":{"start":{"line":19,"column":89},"end":{"line":19,"column":120}}},"fnMap":{"0":{"name":"(anonymous_0)","decl":{"start":{"line":4,"column":23},"end":{"line":4,"column":24}},"loc":{"start":{"line":4,"column":64},"end":{"line":24,"column":1}},"line":4},"1":{"name":"(anonymous_1)","decl":{"start":{"line":8,"column":26},"end":{"line":8,"column":27}},"loc":{"start":{"line":9,"column":4},"end":{"line":22,"column":10}},"line":9},"2":{"name":"(anonymous_2)","decl":{"start":{"line":19,"column":83},"end":{"line":19,"column":84}},"loc":{"start":{"line":19,"column":89},"end":{"line":19,"column":120}},"line":19}},"branchMap":{},"s":{"0":2,"1":5,"2":5,"3":1},"f":{"0":5,"1":5,"2":1},"b":{},"_coverageSchema":"1a1c01bbd47fc00a2c39e90264f33305004495a9","hash":"74f8a17eb6cc0fdaab217ef70a644bf8747f12c3"}
,"/Users/joelzm/Documents/proyectos/BOG004-burger-queen-api-client/src/components/waiter/readyOrder/deliveredOrder.jsx": {"path":"/Users/joelzm/Documents/proyectos/BOG004-burger-queen-api-client/src/components/waiter/readyOrder/deliveredOrder.jsx","statementMap":{"0":{"start":{"line":4,"column":23},"end":{"line":11,"column":1}},"1":{"start":{"line":5,"column":2},"end":{"line":10,"column":4}}},"fnMap":{"0":{"name":"(anonymous_0)","decl":{"start":{"line":4,"column":23},"end":{"line":4,"column":24}},"loc":{"start":{"line":4,"column":48},"end":{"line":11,"column":1}},"line":4}},"branchMap":{},"s":{"0":1,"1":1},"f":{"0":1},"b":{},"_coverageSchema":"1a1c01bbd47fc00a2c39e90264f33305004495a9","hash":"4dc5822d5dfe81ca5b66135b67eba6959dc46272"}
,"/Users/joelzm/Documents/proyectos/BOG004-burger-queen-api-client/src/components/waiter/readyOrder/readyOrder.jsx": {"path":"/Users/joelzm/Documents/proyectos/BOG004-burger-queen-api-client/src/components/waiter/readyOrder/readyOrder.jsx","statementMap":{"0":{"start":{"line":4,"column":19},"end":{"line":35,"column":1}},"1":{"start":{"line":5,"column":2},"end":{"line":5,"column":43}},"2":{"start":{"line":6,"column":22},"end":{"line":9,"column":3}},"3":{"start":{"line":7,"column":4},"end":{"line":7,"column":92}},"4":{"start":{"line":8,"column":4},"end":{"line":8,"column":36}},"5":{"start":{"line":11,"column":2},"end":{"line":34,"column":4}},"6":{"start":{"line":17,"column":12},"end":{"line":25,"column":14}}},"fnMap":{"0":{"name":"(anonymous_0)","decl":{"start":{"line":4,"column":19},"end":{"line":4,"column":20}},"loc":{"start":{"line":4,"column":30},"end":{"line":35,"column":1}},"line":4},"1":{"name":"(anonymous_1)","decl":{"start":{"line":6,"column":22},"end":{"line":6,"column":23}},"loc":{"start":{"line":6,"column":28},"end":{"line":9,"column":3}},"line":6},"2":{"name":"(anonymous_2)","decl":{"start":{"line":16,"column":29},"end":{"line":16,"column":30}},"loc":{"start":{"line":16,"column":42},"end":{"line":26,"column":11}},"line":16}},"branchMap":{},"s":{"0":1,"1":1,"2":1,"3":1,"4":1,"5":1,"6":1},"f":{"0":1,"1":1,"2":1},"b":{},"_coverageSchema":"1a1c01bbd47fc00a2c39e90264f33305004495a9","hash":"c17f2f7319b050df3d23e880702dbee89925af20"}
,"/Users/joelzm/Documents/proyectos/BOG004-burger-queen-api-client/src/providers/OrderProducts.js": {"path":"/Users/joelzm/Documents/proyectos/BOG004-burger-queen-api-client/src/providers/OrderProducts.js","statementMap":{"0":{"start":{"line":3,"column":17},"end":{"line":3,"column":41}},"1":{"start":{"line":5,"column":17},"end":{"line":10,"column":2}},"2":{"start":{"line":7,"column":4},"end":{"line":9,"column":9}},"3":{"start":{"line":12,"column":23},"end":{"line":19,"column":1}},"4":{"start":{"line":13,"column":4},"end":{"line":18,"column":7}},"5":{"start":{"line":21,"column":22},"end":{"line":27,"column":1}},"6":{"start":{"line":22,"column":4},"end":{"line":26,"column":7}},"7":{"start":{"line":29,"column":20},"end":{"line":35,"column":1}},"8":{"start":{"line":30,"column":4},"end":{"line":34,"column":7}},"9":{"start":{"line":37,"column":17},"end":{"line":43,"column":1}},"10":{"start":{"line":38,"column":4},"end":{"line":42,"column":7}},"11":{"start":{"line":45,"column":20},"end":{"line":52,"column":1}},"12":{"start":{"line":46,"column":1},"end":{"line":51,"column":7}}},"fnMap":{"0":{"name":"(anonymous_0)","decl":{"start":{"line":5,"column":17},"end":{"line":5,"column":18}},"loc":{"start":{"line":5,"column":23},"end":{"line":10,"column":2}},"line":5},"1":{"name":"(anonymous_1)","decl":{"start":{"line":12,"column":23},"end":{"line":12,"column":24}},"loc":{"start":{"line":12,"column":36},"end":{"line":19,"column":1}},"line":12},"2":{"name":"(anonymous_2)","decl":{"start":{"line":21,"column":22},"end":{"line":21,"column":23}},"loc":{"start":{"line":21,"column":30},"end":{"line":27,"column":1}},"line":21},"3":{"name":"(anonymous_3)","decl":{"start":{"line":29,"column":20},"end":{"line":29,"column":21}},"loc":{"start":{"line":29,"column":31},"end":{"line":35,"column":1}},"line":29},"4":{"name":"(anonymous_4)","decl":{"start":{"line":37,"column":17},"end":{"line":37,"column":18}},"loc":{"start":{"line":37,"column":23},"end":{"line":43,"column":1}},"line":37},"5":{"name":"(anonymous_5)","decl":{"start":{"line":45,"column":20},"end":{"line":45,"column":21}},"loc":{"start":{"line":45,"column":36},"end":{"line":52,"column":1}},"line":45}},"branchMap":{},"s":{"0":0,"1":0,"2":0,"3":0,"4":0,"5":0,"6":0,"7":0,"8":0,"9":0,"10":0,"11":0,"12":0},"f":{"0":0,"1":0,"2":0,"3":0,"4":0,"5":0},"b":{}}
,"/Users/joelzm/Documents/proyectos/BOG004-burger-queen-api-client/src/providers/UserProvider.js": {"path":"/Users/joelzm/Documents/proyectos/BOG004-burger-queen-api-client/src/providers/UserProvider.js","statementMap":{"0":{"start":{"line":2,"column":17},"end":{"line":2,"column":41}},"1":{"start":{"line":5,"column":19},"end":{"line":8,"column":2}},"2":{"start":{"line":7,"column":4},"end":{"line":7,"column":46}},"3":{"start":{"line":10,"column":14},"end":{"line":12,"column":1}},"4":{"start":{"line":11,"column":4},"end":{"line":11,"column":49}},"5":{"start":{"line":15,"column":17},"end":{"line":17,"column":1}},"6":{"start":{"line":16,"column":4},"end":{"line":16,"column":57}},"7":{"start":{"line":19,"column":21},"end":{"line":21,"column":2}},"8":{"start":{"line":20,"column":5},"end":{"line":20,"column":55}},"9":{"start":{"line":23,"column":18},"end":{"line":25,"column":2}},"10":{"start":{"line":24,"column":5},"end":{"line":24,"column":38}},"11":{"start":{"line":27,"column":15},"end":{"line":29,"column":1}},"12":{"start":{"line":28,"column":4},"end":{"line":28,"column":33}},"13":{"start":{"line":31,"column":16},"end":{"line":35,"column":1}},"14":{"start":{"line":32,"column":4},"end":{"line":34,"column":9}}},"fnMap":{"0":{"name":"(anonymous_0)","decl":{"start":{"line":5,"column":19},"end":{"line":5,"column":20}},"loc":{"start":{"line":5,"column":29},"end":{"line":8,"column":2}},"line":5},"1":{"name":"(anonymous_1)","decl":{"start":{"line":10,"column":14},"end":{"line":10,"column":15}},"loc":{"start":{"line":10,"column":27},"end":{"line":12,"column":1}},"line":10},"2":{"name":"(anonymous_2)","decl":{"start":{"line":15,"column":17},"end":{"line":15,"column":18}},"loc":{"start":{"line":15,"column":27},"end":{"line":17,"column":1}},"line":15},"3":{"name":"(anonymous_3)","decl":{"start":{"line":19,"column":21},"end":{"line":19,"column":22}},"loc":{"start":{"line":19,"column":27},"end":{"line":21,"column":2}},"line":19},"4":{"name":"(anonymous_4)","decl":{"start":{"line":23,"column":18},"end":{"line":23,"column":19}},"loc":{"start":{"line":23,"column":24},"end":{"line":25,"column":2}},"line":23},"5":{"name":"(anonymous_5)","decl":{"start":{"line":27,"column":15},"end":{"line":27,"column":16}},"loc":{"start":{"line":27,"column":21},"end":{"line":29,"column":1}},"line":27},"6":{"name":"(anonymous_6)","decl":{"start":{"line":31,"column":16},"end":{"line":31,"column":17}},"loc":{"start":{"line":31,"column":22},"end":{"line":35,"column":1}},"line":31}},"branchMap":{},"s":{"0":1,"1":1,"2":0,"3":1,"4":2,"5":1,"6":1,"7":1,"8":1,"9":1,"10":1,"11":1,"12":0,"13":1,"14":1},"f":{"0":0,"1":2,"2":1,"3":1,"4":1,"5":0,"6":1},"b":{},"_coverageSchema":"1a1c01bbd47fc00a2c39e90264f33305004495a9","hash":"4f8c5e6e3e6dfea320f33be17590f0deb4262557"}
,"/Users/joelzm/Documents/proyectos/BOG004-burger-queen-api-client/src/router/Router.js": {"path":"/Users/joelzm/Documents/proyectos/BOG004-burger-queen-api-client/src/router/Router.js","statementMap":{"0":{"start":{"line":11,"column":24},"end":{"line":26,"column":1}},"1":{"start":{"line":12,"column":2},"end":{"line":25,"column":4}}},"fnMap":{"0":{"name":"(anonymous_0)","decl":{"start":{"line":11,"column":24},"end":{"line":11,"column":25}},"loc":{"start":{"line":11,"column":30},"end":{"line":26,"column":1}},"line":11}},"branchMap":{},"s":{"0":0,"1":0},"f":{"0":0},"b":{}}
,"/Users/joelzm/Documents/proyectos/BOG004-burger-queen-api-client/src/views/Adminproducts.jsx": {"path":"/Users/joelzm/Documents/proyectos/BOG004-burger-queen-api-client/src/views/Adminproducts.jsx","statementMap":{"0":{"start":{"line":4,"column":22},"end":{"line":13,"column":1}},"1":{"start":{"line":7,"column":2},"end":{"line":12,"column":4}}},"fnMap":{"0":{"name":"(anonymous_0)","decl":{"start":{"line":4,"column":22},"end":{"line":4,"column":23}},"loc":{"start":{"line":4,"column":28},"end":{"line":13,"column":1}},"line":4}},"branchMap":{},"s":{"0":0,"1":0},"f":{"0":0},"b":{}}
,"/Users/joelzm/Documents/proyectos/BOG004-burger-queen-api-client/src/views/Adminworkers.jsx": {"path":"/Users/joelzm/Documents/proyectos/BOG004-burger-queen-api-client/src/views/Adminworkers.jsx","statementMap":{"0":{"start":{"line":6,"column":23},"end":{"line":22,"column":1}},"1":{"start":{"line":9,"column":2},"end":{"line":21,"column":4}}},"fnMap":{"0":{"name":"(anonymous_0)","decl":{"start":{"line":6,"column":23},"end":{"line":6,"column":24}},"loc":{"start":{"line":6,"column":29},"end":{"line":22,"column":1}},"line":6}},"branchMap":{},"s":{"0":0,"1":0},"f":{"0":0},"b":{}}
,"/Users/joelzm/Documents/proyectos/BOG004-burger-queen-api-client/src/views/Kitchen.jsx": {"path":"/Users/joelzm/Documents/proyectos/BOG004-burger-queen-api-client/src/views/Kitchen.jsx","statementMap":{"0":{"start":{"line":8,"column":25},"end":{"line":72,"column":1}},"1":{"start":{"line":9,"column":18},"end":{"line":9,"column":66}},"2":{"start":{"line":9,"column":31},"end":{"line":9,"column":61}},"3":{"start":{"line":10,"column":28},"end":{"line":10,"column":40}},"4":{"start":{"line":13,"column":23},"end":{"line":25,"column":3}},"5":{"start":{"line":14,"column":4},"end":{"line":14,"column":20}},"6":{"start":{"line":15,"column":30},"end":{"line":15,"column":40}},"7":{"start":{"line":16,"column":4},"end":{"line":16,"column":35}},"8":{"start":{"line":17,"column":4},"end":{"line":22,"column":5}},"9":{"start":{"line":17,"column":38},"end":{"line":17,"column":49}},"10":{"start":{"line":18,"column":6},"end":{"line":21,"column":8}},"11":{"start":{"line":19,"column":43},"end":{"line":19,"column":54}},"12":{"start":{"line":24,"column":4},"end":{"line":24,"column":32}},"13":{"start":{"line":26,"column":20},"end":{"line":34,"column":3}},"14":{"start":{"line":27,"column":4},"end":{"line":33,"column":23}},"15":{"start":{"line":30,"column":8},"end":{"line":30,"column":35}},"16":{"start":{"line":31,"column":8},"end":{"line":31,"column":32}},"17":{"start":{"line":36,"column":2},"end":{"line":38,"column":9}},"18":{"start":{"line":37,"column":4},"end":{"line":37,"column":17}},"19":{"start":{"line":40,"column":2},"end":{"line":48,"column":15}},"20":{"start":{"line":41,"column":4},"end":{"line":41,"column":42}},"21":{"start":{"line":42,"column":4},"end":{"line":46,"column":7}},"22":{"start":{"line":43,"column":6},"end":{"line":45,"column":7}},"23":{"start":{"line":44,"column":8},"end":{"line":44,"column":21}},"24":{"start":{"line":47,"column":4},"end":{"line":47,"column":32}},"25":{"start":{"line":47,"column":16},"end":{"line":47,"column":31}},"26":{"start":{"line":51,"column":2},"end":{"line":71,"column":4}},"27":{"start":{"line":56,"column":25},"end":{"line":56,"column":47}},"28":{"start":{"line":58,"column":12},"end":{"line":67,"column":14}}},"fnMap":{"0":{"name":"(anonymous_0)","decl":{"start":{"line":8,"column":25},"end":{"line":8,"column":26}},"loc":{"start":{"line":8,"column":31},"end":{"line":72,"column":1}},"line":8},"1":{"name":"(anonymous_1)","decl":{"start":{"line":9,"column":26},"end":{"line":9,"column":27}},"loc":{"start":{"line":9,"column":31},"end":{"line":9,"column":61}},"line":9},"2":{"name":"(anonymous_2)","decl":{"start":{"line":13,"column":23},"end":{"line":13,"column":24}},"loc":{"start":{"line":13,"column":31},"end":{"line":25,"column":3}},"line":13},"3":{"name":"(anonymous_3)","decl":{"start":{"line":17,"column":31},"end":{"line":17,"column":32}},"loc":{"start":{"line":17,"column":38},"end":{"line":17,"column":49}},"line":17},"4":{"name":"(anonymous_4)","decl":{"start":{"line":19,"column":36},"end":{"line":19,"column":37}},"loc":{"start":{"line":19,"column":43},"end":{"line":19,"column":54}},"line":19},"5":{"name":"(anonymous_5)","decl":{"start":{"line":26,"column":20},"end":{"line":26,"column":21}},"loc":{"start":{"line":26,"column":26},"end":{"line":34,"column":3}},"line":26},"6":{"name":"(anonymous_6)","decl":{"start":{"line":28,"column":12},"end":{"line":28,"column":13}},"loc":{"start":{"line":28,"column":26},"end":{"line":32,"column":7}},"line":28},"7":{"name":"(anonymous_7)","decl":{"start":{"line":33,"column":13},"end":{"line":33,"column":14}},"loc":{"start":{"line":33,"column":19},"end":{"line":33,"column":21}},"line":33},"8":{"name":"(anonymous_8)","decl":{"start":{"line":36,"column":12},"end":{"line":36,"column":13}},"loc":{"start":{"line":36,"column":18},"end":{"line":38,"column":3}},"line":36},"9":{"name":"(anonymous_9)","decl":{"start":{"line":40,"column":12},"end":{"line":40,"column":13}},"loc":{"start":{"line":40,"column":16},"end":{"line":48,"column":3}},"line":40},"10":{"name":"(anonymous_10)","decl":{"start":{"line":42,"column":39},"end":{"line":42,"column":40}},"loc":{"start":{"line":42,"column":50},"end":{"line":46,"column":5}},"line":42},"11":{"name":"(anonymous_11)","decl":{"start":{"line":47,"column":11},"end":{"line":47,"column":12}},"loc":{"start":{"line":47,"column":16},"end":{"line":47,"column":31}},"line":47},"12":{"name":"(anonymous_12)","decl":{"start":{"line":56,"column":18},"end":{"line":56,"column":19}},"loc":{"start":{"line":56,"column":25},"end":{"line":56,"column":47}},"line":56},"13":{"name":"(anonymous_13)","decl":{"start":{"line":57,"column":15},"end":{"line":57,"column":16}},"loc":{"start":{"line":57,"column":24},"end":{"line":68,"column":11}},"line":57}},"branchMap":{"0":{"loc":{"start":{"line":17,"column":4},"end":{"line":22,"column":5}},"type":"if","locations":[{"start":{"line":17,"column":4},"end":{"line":22,"column":5}},{"start":{},"end":{}}],"line":17},"1":{"loc":{"start":{"line":43,"column":6},"end":{"line":45,"column":7}},"type":"if","locations":[{"start":{"line":43,"column":6},"end":{"line":45,"column":7}},{"start":{},"end":{}}],"line":43}},"s":{"0":0,"1":0,"2":0,"3":0,"4":0,"5":0,"6":0,"7":0,"8":0,"9":0,"10":0,"11":0,"12":0,"13":0,"14":0,"15":0,"16":0,"17":0,"18":0,"19":0,"20":0,"21":0,"22":0,"23":0,"24":0,"25":0,"26":0,"27":0,"28":0},"f":{"0":0,"1":0,"2":0,"3":0,"4":0,"5":0,"6":0,"7":0,"8":0,"9":0,"10":0,"11":0,"12":0,"13":0},"b":{"0":[0,0],"1":[0,0]}}
,"/Users/joelzm/Documents/proyectos/BOG004-burger-queen-api-client/src/views/Login.jsx": {"path":"/Users/joelzm/Documents/proyectos/BOG004-burger-queen-api-client/src/views/Login.jsx","statementMap":{"0":{"start":{"line":7,"column":23},"end":{"line":16,"column":1}},"1":{"start":{"line":8,"column":2},"end":{"line":15,"column":4}}},"fnMap":{"0":{"name":"(anonymous_0)","decl":{"start":{"line":7,"column":23},"end":{"line":7,"column":24}},"loc":{"start":{"line":7,"column":28},"end":{"line":16,"column":1}},"line":7}},"branchMap":{},"s":{"0":0,"1":0},"f":{"0":0},"b":{}}
,"/Users/joelzm/Documents/proyectos/BOG004-burger-queen-api-client/src/views/Order.jsx": {"path":"/Users/joelzm/Documents/proyectos/BOG004-burger-queen-api-client/src/views/Order.jsx","statementMap":{"0":{"start":{"line":7,"column":24},"end":{"line":48,"column":1}},"1":{"start":{"line":8,"column":48},"end":{"line":8,"column":60}},"2":{"start":{"line":10,"column":21},"end":{"line":20,"column":3}},"3":{"start":{"line":11,"column":31},"end":{"line":11,"column":51}},"4":{"start":{"line":12,"column":0},"end":{"line":16,"column":1}},"5":{"start":{"line":12,"column":32},"end":{"line":12,"column":51}},"6":{"start":{"line":13,"column":2},"end":{"line":13,"column":66}},"7":{"start":{"line":13,"column":31},"end":{"line":13,"column":50}},"8":{"start":{"line":15,"column":2},"end":{"line":15,"column":53}},"9":{"start":{"line":17,"column":4},"end":{"line":17,"column":43}},"10":{"start":{"line":18,"column":4},"end":{"line":18,"column":35}},"11":{"start":{"line":21,"column":24},"end":{"line":28,"column":3}},"12":{"start":{"line":22,"column":34},"end":{"line":22,"column":54}},"13":{"start":{"line":23,"column":6},"end":{"line":23,"column":65}},"14":{"start":{"line":23,"column":38},"end":{"line":23,"column":49}},"15":{"start":{"line":24,"column":6},"end":{"line":26,"column":7}},"16":{"start":{"line":24,"column":42},"end":{"line":24,"column":53}},"17":{"start":{"line":25,"column":8},"end":{"line":25,"column":91}},"18":{"start":{"line":25,"column":74},"end":{"line":25,"column":85}},"19":{"start":{"line":27,"column":4},"end":{"line":27,"column":46}},"20":{"start":{"line":32,"column":23},"end":{"line":34,"column":3}},"21":{"start":{"line":33,"column":6},"end":{"line":33,"column":29}},"22":{"start":{"line":37,"column":2},"end":{"line":47,"column":4}}},"fnMap":{"0":{"name":"(anonymous_0)","decl":{"start":{"line":7,"column":24},"end":{"line":7,"column":25}},"loc":{"start":{"line":7,"column":34},"end":{"line":48,"column":1}},"line":7},"1":{"name":"(anonymous_1)","decl":{"start":{"line":10,"column":21},"end":{"line":10,"column":22}},"loc":{"start":{"line":10,"column":34},"end":{"line":20,"column":3}},"line":10},"2":{"name":"(anonymous_2)","decl":{"start":{"line":12,"column":27},"end":{"line":12,"column":28}},"loc":{"start":{"line":12,"column":32},"end":{"line":12,"column":51}},"line":12},"3":{"name":"(anonymous_3)","decl":{"start":{"line":13,"column":26},"end":{"line":13,"column":27}},"loc":{"start":{"line":13,"column":31},"end":{"line":13,"column":50}},"line":13},"4":{"name":"(anonymous_4)","decl":{"start":{"line":21,"column":24},"end":{"line":21,"column":25}},"loc":{"start":{"line":21,"column":32},"end":{"line":28,"column":3}},"line":21},"5":{"name":"(anonymous_5)","decl":{"start":{"line":23,"column":33},"end":{"line":23,"column":34}},"loc":{"start":{"line":23,"column":38},"end":{"line":23,"column":49}},"line":23},"6":{"name":"(anonymous_6)","decl":{"start":{"line":24,"column":37},"end":{"line":24,"column":38}},"loc":{"start":{"line":24,"column":42},"end":{"line":24,"column":53}},"line":24},"7":{"name":"(anonymous_7)","decl":{"start":{"line":25,"column":69},"end":{"line":25,"column":70}},"loc":{"start":{"line":25,"column":74},"end":{"line":25,"column":85}},"line":25},"8":{"name":"(anonymous_8)","decl":{"start":{"line":32,"column":23},"end":{"line":32,"column":24}},"loc":{"start":{"line":32,"column":29},"end":{"line":34,"column":3}},"line":32}},"branchMap":{"0":{"loc":{"start":{"line":12,"column":0},"end":{"line":16,"column":1}},"type":"if","locations":[{"start":{"line":12,"column":0},"end":{"line":16,"column":1}},{"start":{"line":14,"column":5},"end":{"line":16,"column":1}}],"line":12},"1":{"loc":{"start":{"line":24,"column":6},"end":{"line":26,"column":7}},"type":"if","locations":[{"start":{"line":24,"column":6},"end":{"line":26,"column":7}},{"start":{},"end":{}}],"line":24}},"s":{"0":0,"1":0,"2":0,"3":0,"4":0,"5":0,"6":0,"7":0,"8":0,"9":0,"10":0,"11":0,"12":0,"13":0,"14":0,"15":0,"16":0,"17":0,"18":0,"19":0,"20":0,"21":0,"22":0},"f":{"0":0,"1":0,"2":0,"3":0,"4":0,"5":0,"6":0,"7":0,"8":0},"b":{"0":[0,0],"1":[0,0]}}
,"/Users/joelzm/Documents/proyectos/BOG004-burger-queen-api-client/src/views/ReadyOrders.jsx": {"path":"/Users/joelzm/Documents/proyectos/BOG004-burger-queen-api-client/src/views/ReadyOrders.jsx","statementMap":{"0":{"start":{"line":9,"column":20},"end":{"line":109,"column":1}},"1":{"start":{"line":10,"column":18},"end":{"line":10,"column":67}},"2":{"start":{"line":10,"column":32},"end":{"line":10,"column":62}},"3":{"start":{"line":12,"column":32},"end":{"line":12,"column":44}},"4":{"start":{"line":13,"column":46},"end":{"line":13,"column":58}},"5":{"start":{"line":15,"column":28},"end":{"line":20,"column":3}},"6":{"start":{"line":16,"column":30},"end":{"line":16,"column":49}},"7":{"start":{"line":17,"column":4},"end":{"line":17,"column":34}},"8":{"start":{"line":18,"column":4},"end":{"line":18,"column":74}},"9":{"start":{"line":18,"column":59},"end":{"line":18,"column":72}},"10":{"start":{"line":19,"column":4},"end":{"line":19,"column":41}},"11":{"start":{"line":22,"column":22},"end":{"line":30,"column":3}},"12":{"start":{"line":23,"column":4},"end":{"line":29,"column":23}},"13":{"start":{"line":26,"column":8},"end":{"line":26,"column":35}},"14":{"start":{"line":27,"column":8},"end":{"line":27,"column":34}},"15":{"start":{"line":32,"column":2},"end":{"line":35,"column":9}},"16":{"start":{"line":34,"column":4},"end":{"line":34,"column":18}},"17":{"start":{"line":37,"column":2},"end":{"line":45,"column":16}},"18":{"start":{"line":38,"column":4},"end":{"line":38,"column":42}},"19":{"start":{"line":39,"column":4},"end":{"line":43,"column":7}},"20":{"start":{"line":40,"column":6},"end":{"line":42,"column":7}},"21":{"start":{"line":41,"column":8},"end":{"line":41,"column":22}},"22":{"start":{"line":44,"column":4},"end":{"line":44,"column":33}},"23":{"start":{"line":44,"column":17},"end":{"line":44,"column":32}},"24":{"start":{"line":47,"column":26},"end":{"line":58,"column":3}},"25":{"start":{"line":48,"column":32},"end":{"line":48,"column":44}},"26":{"start":{"line":50,"column":4},"end":{"line":55,"column":5}},"27":{"start":{"line":50,"column":40},"end":{"line":50,"column":51}},"28":{"start":{"line":51,"column":6},"end":{"line":54,"column":8}},"29":{"start":{"line":52,"column":45},"end":{"line":52,"column":56}},"30":{"start":{"line":57,"column":4},"end":{"line":57,"column":36}},"31":{"start":{"line":59,"column":2},"end":{"line":59,"column":30}},"32":{"start":{"line":60,"column":2},"end":{"line":108,"column":4}},"33":{"start":{"line":71,"column":27},"end":{"line":71,"column":51}},"34":{"start":{"line":73,"column":14},"end":{"line":84,"column":16}},"35":{"start":{"line":95,"column":27},"end":{"line":95,"column":48}},"36":{"start":{"line":97,"column":14},"end":{"line":103,"column":16}}},"fnMap":{"0":{"name":"(anonymous_0)","decl":{"start":{"line":9,"column":20},"end":{"line":9,"column":21}},"loc":{"start":{"line":9,"column":26},"end":{"line":109,"column":1}},"line":9},"1":{"name":"(anonymous_1)","decl":{"start":{"line":10,"column":26},"end":{"line":10,"column":27}},"loc":{"start":{"line":10,"column":32},"end":{"line":10,"column":62}},"line":10},"2":{"name":"(anonymous_2)","decl":{"start":{"line":15,"column":28},"end":{"line":15,"column":29}},"loc":{"start":{"line":15,"column":39},"end":{"line":20,"column":3}},"line":15},"3":{"name":"(anonymous_3)","decl":{"start":{"line":18,"column":53},"end":{"line":18,"column":54}},"loc":{"start":{"line":18,"column":59},"end":{"line":18,"column":72}},"line":18},"4":{"name":"(anonymous_4)","decl":{"start":{"line":22,"column":22},"end":{"line":22,"column":23}},"loc":{"start":{"line":22,"column":28},"end":{"line":30,"column":3}},"line":22},"5":{"name":"(anonymous_5)","decl":{"start":{"line":24,"column":12},"end":{"line":24,"column":13}},"loc":{"start":{"line":24,"column":26},"end":{"line":28,"column":7}},"line":24},"6":{"name":"(anonymous_6)","decl":{"start":{"line":29,"column":13},"end":{"line":29,"column":14}},"loc":{"start":{"line":29,"column":19},"end":{"line":29,"column":21}},"line":29},"7":{"name":"(anonymous_7)","decl":{"start":{"line":32,"column":12},"end":{"line":32,"column":13}},"loc":{"start":{"line":32,"column":18},"end":{"line":35,"column":3}},"line":32},"8":{"name":"(anonymous_8)","decl":{"start":{"line":37,"column":12},"end":{"line":37,"column":13}},"loc":{"start":{"line":37,"column":18},"end":{"line":45,"column":3}},"line":37},"9":{"name":"(anonymous_9)","decl":{"start":{"line":39,"column":40},"end":{"line":39,"column":41}},"loc":{"start":{"line":39,"column":51},"end":{"line":43,"column":5}},"line":39},"10":{"name":"(anonymous_10)","decl":{"start":{"line":44,"column":11},"end":{"line":44,"column":12}},"loc":{"start":{"line":44,"column":17},"end":{"line":44,"column":32}},"line":44},"11":{"name":"(anonymous_11)","decl":{"start":{"line":47,"column":26},"end":{"line":47,"column":27}},"loc":{"start":{"line":47,"column":34},"end":{"line":58,"column":3}},"line":47},"12":{"name":"(anonymous_12)","decl":{"start":{"line":50,"column":33},"end":{"line":50,"column":34}},"loc":{"start":{"line":50,"column":40},"end":{"line":50,"column":51}},"line":50},"13":{"name":"(anonymous_13)","decl":{"start":{"line":52,"column":38},"end":{"line":52,"column":39}},"loc":{"start":{"line":52,"column":45},"end":{"line":52,"column":56}},"line":52},"14":{"name":"(anonymous_14)","decl":{"start":{"line":71,"column":20},"end":{"line":71,"column":21}},"loc":{"start":{"line":71,"column":27},"end":{"line":71,"column":51}},"line":71},"15":{"name":"(anonymous_15)","decl":{"start":{"line":72,"column":17},"end":{"line":72,"column":18}},"loc":{"start":{"line":72,"column":26},"end":{"line":85,"column":13}},"line":72},"16":{"name":"(anonymous_16)","decl":{"start":{"line":95,"column":20},"end":{"line":95,"column":21}},"loc":{"start":{"line":95,"column":27},"end":{"line":95,"column":48}},"line":95},"17":{"name":"(anonymous_17)","decl":{"start":{"line":96,"column":17},"end":{"line":96,"column":18}},"loc":{"start":{"line":96,"column":28},"end":{"line":104,"column":13}},"line":96}},"branchMap":{"0":{"loc":{"start":{"line":40,"column":6},"end":{"line":42,"column":7}},"type":"if","locations":[{"start":{"line":40,"column":6},"end":{"line":42,"column":7}},{"start":{},"end":{}}],"line":40},"1":{"loc":{"start":{"line":50,"column":4},"end":{"line":55,"column":5}},"type":"if","locations":[{"start":{"line":50,"column":4},"end":{"line":55,"column":5}},{"start":{},"end":{}}],"line":50}},"s":{"0":0,"1":0,"2":0,"3":0,"4":0,"5":0,"6":0,"7":0,"8":0,"9":0,"10":0,"11":0,"12":0,"13":0,"14":0,"15":0,"16":0,"17":0,"18":0,"19":0,"20":0,"21":0,"22":0,"23":0,"24":0,"25":0,"26":0,"27":0,"28":0,"29":0,"30":0,"31":0,"32":0,"33":0,"34":0,"35":0,"36":0},"f":{"0":0,"1":0,"2":0,"3":0,"4":0,"5":0,"6":0,"7":0,"8":0,"9":0,"10":0,"11":0,"12":0,"13":0,"14":0,"15":0,"16":0,"17":0},"b":{"0":[0,0],"1":[0,0]}}
}
