{"C:\\Users\\LABORATORIA\\BOG004-burger-queen-api-client\\src\\components\\menuNavBar.jsx": {"path":"C:\\Users\\LABORATORIA\\BOG004-burger-queen-api-client\\src\\components\\menuNavBar.jsx","statementMap":{"0":{"start":{"line":6,"column":19},"end":{"line":21,"column":1}},"1":{"start":{"line":7,"column":19},"end":{"line":7,"column":32}},"2":{"start":{"line":8,"column":17},"end":{"line":11,"column":3}},"3":{"start":{"line":9,"column":4},"end":{"line":9,"column":27}},"4":{"start":{"line":10,"column":4},"end":{"line":10,"column":18}},"5":{"start":{"line":12,"column":2},"end":{"line":20,"column":4}}},"fnMap":{"0":{"name":"(anonymous_0)","decl":{"start":{"line":6,"column":19},"end":{"line":6,"column":20}},"loc":{"start":{"line":6,"column":30},"end":{"line":21,"column":1}},"line":6},"1":{"name":"(anonymous_1)","decl":{"start":{"line":8,"column":17},"end":{"line":8,"column":18}},"loc":{"start":{"line":8,"column":23},"end":{"line":11,"column":3}},"line":8}},"branchMap":{},"s":{"0":7,"1":12,"2":12,"3":1,"4":1,"5":12},"f":{"0":12,"1":1},"b":{},"_coverageSchema":"1a1c01bbd47fc00a2c39e90264f33305004495a9","hash":"a49d086f0dc96a1c0c0fac943adb7725e0a5c5f8"}
,"C:\\Users\\LABORATORIA\\BOG004-burger-queen-api-client\\src\\components\\navBar.jsx": {"path":"C:\\Users\\LABORATORIA\\BOG004-burger-queen-api-client\\src\\components\\navBar.jsx","statementMap":{"0":{"start":{"line":10,"column":15},"end":{"line":37,"column":1}},"1":{"start":{"line":11,"column":26},"end":{"line":11,"column":41}},"2":{"start":{"line":14,"column":21},"end":{"line":16,"column":3}},"3":{"start":{"line":15,"column":4},"end":{"line":15,"column":19}},"4":{"start":{"line":18,"column":2},"end":{"line":36,"column":4}}},"fnMap":{"0":{"name":"(anonymous_0)","decl":{"start":{"line":10,"column":15},"end":{"line":10,"column":16}},"loc":{"start":{"line":10,"column":49},"end":{"line":37,"column":1}},"line":10},"1":{"name":"(anonymous_1)","decl":{"start":{"line":14,"column":21},"end":{"line":14,"column":22}},"loc":{"start":{"line":14,"column":27},"end":{"line":16,"column":3}},"line":14}},"branchMap":{"0":{"loc":{"start":{"line":28,"column":9},"end":{"line":32,"column":16}},"type":"cond-expr","locations":[{"start":{"line":29,"column":10},"end":{"line":31,"column":13}},{"start":{"line":32,"column":12},"end":{"line":32,"column":16}}],"line":28}},"s":{"0":7,"1":12,"2":12,"3":0,"4":12},"f":{"0":12,"1":0},"b":{"0":[0,12]},"_coverageSchema":"1a1c01bbd47fc00a2c39e90264f33305004495a9","hash":"62001e9fc8c9a44dfc11a780bb9a285d9e1e3368"}
,"C:\\Users\\LABORATORIA\\BOG004-burger-queen-api-client\\src\\components\\admin\\adminFormProducts.jsx": {"path":"C:\\Users\\LABORATORIA\\BOG004-burger-queen-api-client\\src\\components\\admin\\adminFormProducts.jsx","statementMap":{"0":{"start":{"line":7,"column":26},"end":{"line":168,"column":1}},"1":{"start":{"line":8,"column":18},"end":{"line":8,"column":68}},"2":{"start":{"line":8,"column":32},"end":{"line":8,"column":63}},"3":{"start":{"line":10,"column":34},"end":{"line":10,"column":46}},"4":{"start":{"line":11,"column":30},"end":{"line":13,"column":3}},"5":{"start":{"line":14,"column":32},"end":{"line":14,"column":44}},"6":{"start":{"line":15,"column":18},"end":{"line":15,"column":28}},"7":{"start":{"line":17,"column":18},"end":{"line":32,"column":3}},"8":{"start":{"line":33,"column":24},"end":{"line":36,"column":3}},"9":{"start":{"line":34,"column":4},"end":{"line":34,"column":29}},"10":{"start":{"line":35,"column":4},"end":{"line":35,"column":16}},"11":{"start":{"line":37,"column":24},"end":{"line":56,"column":3}},"12":{"start":{"line":38,"column":4},"end":{"line":38,"column":23}},"13":{"start":{"line":39,"column":4},"end":{"line":46,"column":5}},"14":{"start":{"line":40,"column":6},"end":{"line":43,"column":9}},"15":{"start":{"line":41,"column":8},"end":{"line":41,"column":47}},"16":{"start":{"line":42,"column":8},"end":{"line":42,"column":52}},"17":{"start":{"line":45,"column":6},"end":{"line":45,"column":52}},"18":{"start":{"line":47,"column":4},"end":{"line":49,"column":13}},"19":{"start":{"line":48,"column":6},"end":{"line":48,"column":23}},"20":{"start":{"line":50,"column":4},"end":{"line":55,"column":7}},"21":{"start":{"line":58,"column":2},"end":{"line":60,"column":16}},"22":{"start":{"line":59,"column":4},"end":{"line":59,"column":33}},"23":{"start":{"line":59,"column":17},"end":{"line":59,"column":32}},"24":{"start":{"line":62,"column":23},"end":{"line":73,"column":3}},"25":{"start":{"line":64,"column":23},"end":{"line":64,"column":24}},"26":{"start":{"line":65,"column":28},"end":{"line":65,"column":34}},"27":{"start":{"line":67,"column":22},"end":{"line":71,"column":5}},"28":{"start":{"line":72,"column":4},"end":{"line":72,"column":25}},"29":{"start":{"line":75,"column":23},"end":{"line":77,"column":3}},"30":{"start":{"line":76,"column":4},"end":{"line":76,"column":23}},"31":{"start":{"line":78,"column":2},"end":{"line":167,"column":4}},"32":{"start":{"line":82,"column":52},"end":{"line":82,"column":63}}},"fnMap":{"0":{"name":"(anonymous_0)","decl":{"start":{"line":7,"column":26},"end":{"line":7,"column":27}},"loc":{"start":{"line":7,"column":71},"end":{"line":168,"column":1}},"line":7},"1":{"name":"(anonymous_1)","decl":{"start":{"line":8,"column":26},"end":{"line":8,"column":27}},"loc":{"start":{"line":8,"column":32},"end":{"line":8,"column":63}},"line":8},"2":{"name":"(anonymous_2)","decl":{"start":{"line":33,"column":24},"end":{"line":33,"column":25}},"loc":{"start":{"line":33,"column":30},"end":{"line":36,"column":3}},"line":33},"3":{"name":"(anonymous_3)","decl":{"start":{"line":37,"column":24},"end":{"line":37,"column":25}},"loc":{"start":{"line":37,"column":37},"end":{"line":56,"column":3}},"line":37},"4":{"name":"(anonymous_4)","decl":{"start":{"line":40,"column":40},"end":{"line":40,"column":41}},"loc":{"start":{"line":40,"column":54},"end":{"line":43,"column":7}},"line":40},"5":{"name":"(anonymous_5)","decl":{"start":{"line":47,"column":15},"end":{"line":47,"column":16}},"loc":{"start":{"line":47,"column":21},"end":{"line":49,"column":5}},"line":47},"6":{"name":"(anonymous_6)","decl":{"start":{"line":58,"column":12},"end":{"line":58,"column":13}},"loc":{"start":{"line":58,"column":18},"end":{"line":60,"column":3}},"line":58},"7":{"name":"(anonymous_7)","decl":{"start":{"line":59,"column":11},"end":{"line":59,"column":12}},"loc":{"start":{"line":59,"column":17},"end":{"line":59,"column":32}},"line":59},"8":{"name":"(anonymous_8)","decl":{"start":{"line":62,"column":23},"end":{"line":62,"column":24}},"loc":{"start":{"line":62,"column":30},"end":{"line":73,"column":3}},"line":62},"9":{"name":"(anonymous_9)","decl":{"start":{"line":75,"column":23},"end":{"line":75,"column":24}},"loc":{"start":{"line":75,"column":30},"end":{"line":77,"column":3}},"line":75},"10":{"name":"(anonymous_10)","decl":{"start":{"line":82,"column":46},"end":{"line":82,"column":47}},"loc":{"start":{"line":82,"column":52},"end":{"line":82,"column":63}},"line":82}},"branchMap":{"0":{"loc":{"start":{"line":12,"column":4},"end":{"line":12,"column":63}},"type":"binary-expr","locations":[{"start":{"line":12,"column":4},"end":{"line":12,"column":15}},{"start":{"line":12,"column":19},"end":{"line":12,"column":63}}],"line":12},"1":{"loc":{"start":{"line":82,"column":11},"end":{"line":82,"column":74}},"type":"cond-expr","locations":[{"start":{"line":82,"column":18},"end":{"line":82,"column":67}},{"start":{"line":82,"column":70},"end":{"line":82,"column":74}}],"line":82},"2":{"loc":{"start":{"line":138,"column":9},"end":{"line":156,"column":9}},"type":"cond-expr","locations":[{"start":{"line":139,"column":10},"end":{"line":146,"column":19}},{"start":{"line":148,"column":10},"end":{"line":155,"column":19}}],"line":138},"3":{"loc":{"start":{"line":157,"column":9},"end":{"line":159,"column":9}},"type":"binary-expr","locations":[{"start":{"line":157,"column":9},"end":{"line":157,"column":17}},{"start":{"line":158,"column":10},"end":{"line":158,"column":72}}],"line":157},"4":{"loc":{"start":{"line":161,"column":7},"end":{"line":165,"column":7}},"type":"binary-expr","locations":[{"start":{"line":161,"column":7},"end":{"line":161,"column":14}},{"start":{"line":162,"column":8},"end":{"line":164,"column":16}}],"line":161}},"s":{"0":4,"1":10,"2":4,"3":10,"4":10,"5":10,"6":10,"7":10,"8":10,"9":1,"10":1,"11":10,"12":1,"13":1,"14":1,"15":1,"16":1,"17":0,"18":1,"19":0,"20":1,"21":10,"22":4,"23":4,"24":10,"25":4,"26":4,"27":4,"28":4,"29":10,"30":1,"31":10,"32":0},"f":{"0":10,"1":4,"2":1,"3":1,"4":1,"5":0,"6":4,"7":4,"8":4,"9":1,"10":0},"b":{"0":[10,9],"1":[2,8],"2":[2,8],"3":[10,0],"4":[10,1]},"_coverageSchema":"1a1c01bbd47fc00a2c39e90264f33305004495a9","hash":"ac33e237050b34fbec50223a36e1f258c50ece0a"}
,"C:\\Users\\LABORATORIA\\BOG004-burger-queen-api-client\\src\\components\\admin\\adminFormWorkers.jsx": {"path":"C:\\Users\\LABORATORIA\\BOG004-burger-queen-api-client\\src\\components\\admin\\adminFormWorkers.jsx","statementMap":{"0":{"start":{"line":9,"column":25},"end":{"line":231,"column":1}},"1":{"start":{"line":10,"column":18},"end":{"line":10,"column":65}},"2":{"start":{"line":10,"column":32},"end":{"line":10,"column":60}},"3":{"start":{"line":14,"column":6},"end":{"line":14,"column":61}},"4":{"start":{"line":16,"column":34},"end":{"line":16,"column":46}},"5":{"start":{"line":18,"column":30},"end":{"line":27,"column":3}},"6":{"start":{"line":28,"column":32},"end":{"line":28,"column":44}},"7":{"start":{"line":37,"column":24},"end":{"line":40,"column":3}},"8":{"start":{"line":38,"column":4},"end":{"line":38,"column":25}},"9":{"start":{"line":39,"column":4},"end":{"line":39,"column":16}},"10":{"start":{"line":42,"column":24},"end":{"line":62,"column":3}},"11":{"start":{"line":43,"column":4},"end":{"line":43,"column":23}},"12":{"start":{"line":45,"column":4},"end":{"line":52,"column":5}},"13":{"start":{"line":46,"column":6},"end":{"line":49,"column":9}},"14":{"start":{"line":47,"column":8},"end":{"line":47,"column":44}},"15":{"start":{"line":48,"column":8},"end":{"line":48,"column":51}},"16":{"start":{"line":51,"column":6},"end":{"line":51,"column":51}},"17":{"start":{"line":53,"column":4},"end":{"line":55,"column":13}},"18":{"start":{"line":54,"column":6},"end":{"line":54,"column":23}},"19":{"start":{"line":56,"column":4},"end":{"line":61,"column":7}},"20":{"start":{"line":64,"column":2},"end":{"line":66,"column":16}},"21":{"start":{"line":65,"column":4},"end":{"line":65,"column":33}},"22":{"start":{"line":65,"column":17},"end":{"line":65,"column":32}},"23":{"start":{"line":68,"column":22},"end":{"line":78,"column":3}},"24":{"start":{"line":70,"column":23},"end":{"line":70,"column":24}},"25":{"start":{"line":71,"column":28},"end":{"line":71,"column":34}},"26":{"start":{"line":72,"column":21},"end":{"line":75,"column":5}},"27":{"start":{"line":77,"column":4},"end":{"line":77,"column":24}},"28":{"start":{"line":80,"column":23},"end":{"line":87,"column":3}},"29":{"start":{"line":81,"column":21},"end":{"line":84,"column":5}},"30":{"start":{"line":85,"column":4},"end":{"line":85,"column":42}},"31":{"start":{"line":86,"column":4},"end":{"line":86,"column":24}},"32":{"start":{"line":89,"column":23},"end":{"line":91,"column":3}},"33":{"start":{"line":90,"column":4},"end":{"line":90,"column":23}},"34":{"start":{"line":92,"column":16},"end":{"line":94,"column":3}},"35":{"start":{"line":95,"column":0},"end":{"line":95,"column":20}},"36":{"start":{"line":96,"column":2},"end":{"line":230,"column":4}},"37":{"start":{"line":100,"column":52},"end":{"line":100,"column":63}}},"fnMap":{"0":{"name":"(anonymous_0)","decl":{"start":{"line":9,"column":25},"end":{"line":9,"column":26}},"loc":{"start":{"line":9,"column":63},"end":{"line":231,"column":1}},"line":9},"1":{"name":"(anonymous_1)","decl":{"start":{"line":10,"column":26},"end":{"line":10,"column":27}},"loc":{"start":{"line":10,"column":32},"end":{"line":10,"column":60}},"line":10},"2":{"name":"(anonymous_2)","decl":{"start":{"line":37,"column":24},"end":{"line":37,"column":25}},"loc":{"start":{"line":37,"column":30},"end":{"line":40,"column":3}},"line":37},"3":{"name":"(anonymous_3)","decl":{"start":{"line":42,"column":24},"end":{"line":42,"column":25}},"loc":{"start":{"line":42,"column":37},"end":{"line":62,"column":3}},"line":42},"4":{"name":"(anonymous_4)","decl":{"start":{"line":46,"column":36},"end":{"line":46,"column":37}},"loc":{"start":{"line":46,"column":50},"end":{"line":49,"column":7}},"line":46},"5":{"name":"(anonymous_5)","decl":{"start":{"line":53,"column":15},"end":{"line":53,"column":16}},"loc":{"start":{"line":53,"column":21},"end":{"line":55,"column":5}},"line":53},"6":{"name":"(anonymous_6)","decl":{"start":{"line":64,"column":12},"end":{"line":64,"column":13}},"loc":{"start":{"line":64,"column":18},"end":{"line":66,"column":3}},"line":64},"7":{"name":"(anonymous_7)","decl":{"start":{"line":65,"column":11},"end":{"line":65,"column":12}},"loc":{"start":{"line":65,"column":17},"end":{"line":65,"column":32}},"line":65},"8":{"name":"(anonymous_8)","decl":{"start":{"line":68,"column":22},"end":{"line":68,"column":23}},"loc":{"start":{"line":68,"column":29},"end":{"line":78,"column":3}},"line":68},"9":{"name":"(anonymous_9)","decl":{"start":{"line":80,"column":23},"end":{"line":80,"column":24}},"loc":{"start":{"line":80,"column":30},"end":{"line":87,"column":3}},"line":80},"10":{"name":"(anonymous_10)","decl":{"start":{"line":89,"column":23},"end":{"line":89,"column":24}},"loc":{"start":{"line":89,"column":30},"end":{"line":91,"column":3}},"line":89},"11":{"name":"(anonymous_11)","decl":{"start":{"line":100,"column":46},"end":{"line":100,"column":47}},"loc":{"start":{"line":100,"column":52},"end":{"line":100,"column":63}},"line":100}},"branchMap":{"0":{"loc":{"start":{"line":19,"column":4},"end":{"line":25,"column":5}},"type":"binary-expr","locations":[{"start":{"line":19,"column":4},"end":{"line":19,"column":12}},{"start":{"line":19,"column":16},"end":{"line":25,"column":5}}],"line":19},"1":{"loc":{"start":{"line":100,"column":11},"end":{"line":100,"column":74}},"type":"cond-expr","locations":[{"start":{"line":100,"column":18},"end":{"line":100,"column":67}},{"start":{"line":100,"column":70},"end":{"line":100,"column":74}}],"line":100},"2":{"loc":{"start":{"line":143,"column":11},"end":{"line":143,"column":76}},"type":"binary-expr","locations":[{"start":{"line":143,"column":11},"end":{"line":143,"column":23}},{"start":{"line":143,"column":27},"end":{"line":143,"column":76}}],"line":143},"3":{"loc":{"start":{"line":176,"column":11},"end":{"line":178,"column":11}},"type":"binary-expr","locations":[{"start":{"line":176,"column":11},"end":{"line":176,"column":26}},{"start":{"line":177,"column":12},"end":{"line":177,"column":64}}],"line":176},"4":{"loc":{"start":{"line":202,"column":9},"end":{"line":219,"column":9}},"type":"cond-expr","locations":[{"start":{"line":203,"column":10},"end":{"line":210,"column":19}},{"start":{"line":212,"column":10},"end":{"line":218,"column":19}}],"line":202},"5":{"loc":{"start":{"line":220,"column":9},"end":{"line":222,"column":9}},"type":"binary-expr","locations":[{"start":{"line":220,"column":9},"end":{"line":220,"column":17}},{"start":{"line":221,"column":10},"end":{"line":221,"column":72}}],"line":220},"6":{"loc":{"start":{"line":224,"column":7},"end":{"line":228,"column":7}},"type":"binary-expr","locations":[{"start":{"line":224,"column":7},"end":{"line":224,"column":14}},{"start":{"line":225,"column":8},"end":{"line":227,"column":16}}],"line":224}},"s":{"0":4,"1":9,"2":3,"3":9,"4":9,"5":9,"6":9,"7":9,"8":1,"9":1,"10":9,"11":1,"12":1,"13":1,"14":1,"15":1,"16":0,"17":1,"18":0,"19":1,"20":9,"21":3,"22":3,"23":9,"24":3,"25":3,"26":3,"27":3,"28":9,"29":1,"30":1,"31":1,"32":9,"33":1,"34":9,"35":9,"36":9,"37":0},"f":{"0":9,"1":3,"2":1,"3":1,"4":1,"5":0,"6":3,"7":3,"8":3,"9":1,"10":1,"11":0},"b":{"0":[9,9],"1":[1,8],"2":[9,0],"3":[9,0],"4":[1,8],"5":[9,0],"6":[9,1]},"_coverageSchema":"1a1c01bbd47fc00a2c39e90264f33305004495a9","hash":"98e8e9f584dc746bb9d8c9c52049dc8a66fc870a"}
,"C:\\Users\\LABORATORIA\\BOG004-burger-queen-api-client\\src\\components\\admin\\adminWorkers.jsx": {"path":"C:\\Users\\LABORATORIA\\BOG004-burger-queen-api-client\\src\\components\\admin\\adminWorkers.jsx","statementMap":{"0":{"start":{"line":11,"column":21},"end":{"line":84,"column":1}},"1":{"start":{"line":20,"column":26},"end":{"line":20,"column":41}},"2":{"start":{"line":21,"column":34},"end":{"line":26,"column":4}},"3":{"start":{"line":28,"column":18},"end":{"line":30,"column":3}},"4":{"start":{"line":29,"column":4},"end":{"line":29,"column":18}},"5":{"start":{"line":32,"column":2},"end":{"line":34,"column":37}},"6":{"start":{"line":33,"column":4},"end":{"line":33,"column":54}},"7":{"start":{"line":36,"column":2},"end":{"line":83,"column":4}},"8":{"start":{"line":52,"column":14},"end":{"line":52,"column":48}},"9":{"start":{"line":65,"column":29},"end":{"line":65,"column":44}}},"fnMap":{"0":{"name":"(anonymous_0)","decl":{"start":{"line":11,"column":21},"end":{"line":11,"column":22}},"loc":{"start":{"line":19,"column":6},"end":{"line":84,"column":1}},"line":19},"1":{"name":"(anonymous_1)","decl":{"start":{"line":28,"column":18},"end":{"line":28,"column":19}},"loc":{"start":{"line":28,"column":24},"end":{"line":30,"column":3}},"line":28},"2":{"name":"(anonymous_2)","decl":{"start":{"line":32,"column":12},"end":{"line":32,"column":13}},"loc":{"start":{"line":32,"column":18},"end":{"line":34,"column":3}},"line":32},"3":{"name":"(anonymous_3)","decl":{"start":{"line":51,"column":36},"end":{"line":51,"column":37}},"loc":{"start":{"line":51,"column":45},"end":{"line":53,"column":13}},"line":51},"4":{"name":"(anonymous_4)","decl":{"start":{"line":65,"column":23},"end":{"line":65,"column":24}},"loc":{"start":{"line":65,"column":29},"end":{"line":65,"column":44}},"line":65}},"branchMap":{"0":{"loc":{"start":{"line":38,"column":7},"end":{"line":81,"column":7}},"type":"cond-expr","locations":[{"start":{"line":38,"column":25},"end":{"line":69,"column":17}},{"start":{"line":71,"column":8},"end":{"line":80,"column":14}}],"line":38},"1":{"loc":{"start":{"line":52,"column":24},"end":{"line":52,"column":45}},"type":"cond-expr","locations":[{"start":{"line":52,"column":37},"end":{"line":52,"column":40}},{"start":{"line":52,"column":43},"end":{"line":52,"column":45}}],"line":52}},"s":{"0":3,"1":14,"2":14,"3":14,"4":0,"5":14,"6":2,"7":14,"8":2,"9":0},"f":{"0":14,"1":0,"2":2,"3":2,"4":0},"b":{"0":[14,0],"1":[2,0]},"_coverageSchema":"1a1c01bbd47fc00a2c39e90264f33305004495a9","hash":"3a5c2a65f4c830ff6d7e49469d4b28d563614a62"}
,"C:\\Users\\LABORATORIA\\BOG004-burger-queen-api-client\\src\\components\\login\\login.jsx": {"path":"C:\\Users\\LABORATORIA\\BOG004-burger-queen-api-client\\src\\components\\login\\login.jsx","statementMap":{"0":{"start":{"line":10,"column":14},"end":{"line":145,"column":1}},"1":{"start":{"line":14,"column":6},"end":{"line":14,"column":61}},"2":{"start":{"line":16,"column":34},"end":{"line":16,"column":46}},"3":{"start":{"line":18,"column":19},"end":{"line":18,"column":32}},"4":{"start":{"line":19,"column":30},"end":{"line":23,"column":4}},"5":{"start":{"line":24,"column":21},"end":{"line":49,"column":3}},"6":{"start":{"line":25,"column":4},"end":{"line":25,"column":23}},"7":{"start":{"line":27,"column":4},"end":{"line":48,"column":5}},"8":{"start":{"line":28,"column":23},"end":{"line":28,"column":42}},"9":{"start":{"line":29,"column":6},"end":{"line":29,"column":30}},"10":{"start":{"line":32,"column":20},"end":{"line":32,"column":35}},"11":{"start":{"line":33,"column":19},"end":{"line":33,"column":73}},"12":{"start":{"line":33,"column":45},"end":{"line":33,"column":72}},"13":{"start":{"line":35,"column":6},"end":{"line":45,"column":7}},"14":{"start":{"line":37,"column":10},"end":{"line":37,"column":29}},"15":{"start":{"line":38,"column":10},"end":{"line":38,"column":16}},"16":{"start":{"line":40,"column":10},"end":{"line":40,"column":29}},"17":{"start":{"line":41,"column":10},"end":{"line":41,"column":16}},"18":{"start":{"line":43,"column":10},"end":{"line":43,"column":31}},"19":{"start":{"line":44,"column":10},"end":{"line":44,"column":16}},"20":{"start":{"line":47,"column":6},"end":{"line":47,"column":58}},"21":{"start":{"line":50,"column":23},"end":{"line":59,"column":3}},"22":{"start":{"line":51,"column":23},"end":{"line":51,"column":24}},"23":{"start":{"line":52,"column":28},"end":{"line":52,"column":34}},"24":{"start":{"line":54,"column":22},"end":{"line":57,"column":5}},"25":{"start":{"line":58,"column":4},"end":{"line":58,"column":25}},"26":{"start":{"line":60,"column":23},"end":{"line":62,"column":3}},"27":{"start":{"line":61,"column":4},"end":{"line":61,"column":23}},"28":{"start":{"line":63,"column":16},"end":{"line":65,"column":3}},"29":{"start":{"line":66,"column":2},"end":{"line":144,"column":4}}},"fnMap":{"0":{"name":"(anonymous_0)","decl":{"start":{"line":10,"column":14},"end":{"line":10,"column":15}},"loc":{"start":{"line":10,"column":20},"end":{"line":145,"column":1}},"line":10},"1":{"name":"(anonymous_1)","decl":{"start":{"line":24,"column":21},"end":{"line":24,"column":22}},"loc":{"start":{"line":24,"column":34},"end":{"line":49,"column":3}},"line":24},"2":{"name":"(anonymous_2)","decl":{"start":{"line":33,"column":35},"end":{"line":33,"column":36}},"loc":{"start":{"line":33,"column":45},"end":{"line":33,"column":72}},"line":33},"3":{"name":"(anonymous_3)","decl":{"start":{"line":50,"column":23},"end":{"line":50,"column":24}},"loc":{"start":{"line":50,"column":30},"end":{"line":59,"column":3}},"line":50},"4":{"name":"(anonymous_4)","decl":{"start":{"line":60,"column":23},"end":{"line":60,"column":24}},"loc":{"start":{"line":60,"column":30},"end":{"line":62,"column":3}},"line":60}},"branchMap":{"0":{"loc":{"start":{"line":35,"column":6},"end":{"line":45,"column":7}},"type":"switch","locations":[{"start":{"line":36,"column":8},"end":{"line":38,"column":16}},{"start":{"line":39,"column":8},"end":{"line":41,"column":16}},{"start":{"line":42,"column":8},"end":{"line":44,"column":16}}],"line":35},"1":{"loc":{"start":{"line":101,"column":9},"end":{"line":101,"column":74}},"type":"binary-expr","locations":[{"start":{"line":101,"column":9},"end":{"line":101,"column":21}},{"start":{"line":101,"column":25},"end":{"line":101,"column":74}}],"line":101},"2":{"loc":{"start":{"line":135,"column":9},"end":{"line":137,"column":9}},"type":"binary-expr","locations":[{"start":{"line":135,"column":9},"end":{"line":135,"column":24}},{"start":{"line":136,"column":10},"end":{"line":136,"column":62}}],"line":135},"3":{"loc":{"start":{"line":139,"column":7},"end":{"line":139,"column":78}},"type":"binary-expr","locations":[{"start":{"line":139,"column":7},"end":{"line":139,"column":15}},{"start":{"line":139,"column":19},"end":{"line":139,"column":78}}],"line":139}},"s":{"0":3,"1":8,"2":8,"3":8,"4":8,"5":8,"6":2,"7":2,"8":2,"9":1,"10":1,"11":1,"12":3,"13":1,"14":0,"15":0,"16":1,"17":1,"18":0,"19":0,"20":1,"21":8,"22":4,"23":4,"24":4,"25":4,"26":8,"27":0,"28":8,"29":8},"f":{"0":8,"1":2,"2":3,"3":4,"4":0},"b":{"0":[0,1,0],"1":[8,0],"2":[8,0],"3":[8,1]},"_coverageSchema":"1a1c01bbd47fc00a2c39e90264f33305004495a9","hash":"2494c99d095c7c657462b0dda5d6343d1f3b474a"}
,"C:\\Users\\LABORATORIA\\BOG004-burger-queen-api-client\\src\\components\\waiter\\order.jsx": {"path":"C:\\Users\\LABORATORIA\\BOG004-burger-queen-api-client\\src\\components\\waiter\\order.jsx","statementMap":{"0":{"start":{"line":9,"column":36},"end":{"line":9,"column":48}},"1":{"start":{"line":10,"column":50},"end":{"line":10,"column":62}},"2":{"start":{"line":11,"column":34},"end":{"line":11,"column":54}},"3":{"start":{"line":12,"column":18},"end":{"line":12,"column":68}},"4":{"start":{"line":12,"column":32},"end":{"line":12,"column":63}},"5":{"start":{"line":14,"column":22},"end":{"line":20,"column":1}},"6":{"start":{"line":15,"column":2},"end":{"line":19,"column":19}},"7":{"start":{"line":17,"column":4},"end":{"line":17,"column":32}},"8":{"start":{"line":22,"column":2},"end":{"line":24,"column":9}},"9":{"start":{"line":23,"column":4},"end":{"line":23,"column":20}},"10":{"start":{"line":26,"column":2},"end":{"line":30,"column":27}},"11":{"start":{"line":28,"column":6},"end":{"line":28,"column":71}},"12":{"start":{"line":28,"column":50},"end":{"line":28,"column":69}},"13":{"start":{"line":32,"column":2},"end":{"line":39,"column":16}},"14":{"start":{"line":33,"column":4},"end":{"line":37,"column":7}},"15":{"start":{"line":34,"column":6},"end":{"line":36,"column":7}},"16":{"start":{"line":35,"column":8},"end":{"line":35,"column":24}},"17":{"start":{"line":38,"column":4},"end":{"line":38,"column":33}},"18":{"start":{"line":38,"column":17},"end":{"line":38,"column":32}},"19":{"start":{"line":42,"column":2},"end":{"line":67,"column":4}},"20":{"start":{"line":46,"column":50},"end":{"line":46,"column":73}},"21":{"start":{"line":47,"column":46},"end":{"line":47,"column":69}},"22":{"start":{"line":51,"column":8},"end":{"line":62,"column":12}}},"fnMap":{"0":{"name":"Order","decl":{"start":{"line":7,"column":24},"end":{"line":7,"column":29}},"loc":{"start":{"line":7,"column":52},"end":{"line":68,"column":1}},"line":7},"1":{"name":"(anonymous_1)","decl":{"start":{"line":12,"column":26},"end":{"line":12,"column":27}},"loc":{"start":{"line":12,"column":32},"end":{"line":12,"column":63}},"line":12},"2":{"name":"(anonymous_2)","decl":{"start":{"line":14,"column":22},"end":{"line":14,"column":23}},"loc":{"start":{"line":14,"column":28},"end":{"line":20,"column":1}},"line":14},"3":{"name":"(anonymous_3)","decl":{"start":{"line":16,"column":8},"end":{"line":16,"column":9}},"loc":{"start":{"line":16,"column":22},"end":{"line":18,"column":3}},"line":16},"4":{"name":"(anonymous_4)","decl":{"start":{"line":19,"column":9},"end":{"line":19,"column":10}},"loc":{"start":{"line":19,"column":15},"end":{"line":19,"column":17}},"line":19},"5":{"name":"(anonymous_5)","decl":{"start":{"line":22,"column":12},"end":{"line":22,"column":13}},"loc":{"start":{"line":22,"column":16},"end":{"line":24,"column":3}},"line":22},"6":{"name":"(anonymous_6)","decl":{"start":{"line":26,"column":12},"end":{"line":26,"column":13}},"loc":{"start":{"line":26,"column":18},"end":{"line":30,"column":3}},"line":26},"7":{"name":"(anonymous_7)","decl":{"start":{"line":28,"column":43},"end":{"line":28,"column":44}},"loc":{"start":{"line":28,"column":50},"end":{"line":28,"column":69}},"line":28},"8":{"name":"(anonymous_8)","decl":{"start":{"line":32,"column":12},"end":{"line":32,"column":13}},"loc":{"start":{"line":32,"column":18},"end":{"line":39,"column":3}},"line":32},"9":{"name":"(anonymous_9)","decl":{"start":{"line":33,"column":40},"end":{"line":33,"column":41}},"loc":{"start":{"line":33,"column":51},"end":{"line":37,"column":5}},"line":33},"10":{"name":"(anonymous_10)","decl":{"start":{"line":38,"column":11},"end":{"line":38,"column":12}},"loc":{"start":{"line":38,"column":17},"end":{"line":38,"column":32}},"line":38},"11":{"name":"(anonymous_11)","decl":{"start":{"line":46,"column":45},"end":{"line":46,"column":46}},"loc":{"start":{"line":46,"column":50},"end":{"line":46,"column":73}},"line":46},"12":{"name":"(anonymous_12)","decl":{"start":{"line":47,"column":41},"end":{"line":47,"column":42}},"loc":{"start":{"line":47,"column":46},"end":{"line":47,"column":69}},"line":47},"13":{"name":"(anonymous_13)","decl":{"start":{"line":50,"column":28},"end":{"line":50,"column":29}},"loc":{"start":{"line":50,"column":42},"end":{"line":63,"column":9}},"line":50}},"branchMap":{"0":{"loc":{"start":{"line":34,"column":6},"end":{"line":36,"column":7}},"type":"if","locations":[{"start":{"line":34,"column":6},"end":{"line":36,"column":7}},{"start":{},"end":{}}],"line":34}},"s":{"0":6,"1":6,"2":6,"3":6,"4":2,"5":6,"6":2,"7":1,"8":6,"9":2,"10":6,"11":3,"12":3,"13":6,"14":2,"15":0,"16":0,"17":2,"18":2,"19":6,"20":0,"21":0,"22":2},"f":{"0":6,"1":2,"2":2,"3":1,"4":0,"5":2,"6":3,"7":3,"8":2,"9":0,"10":2,"11":0,"12":0,"13":2},"b":{"0":[0,0]},"_coverageSchema":"1a1c01bbd47fc00a2c39e90264f33305004495a9","hash":"93f72cba0630db33bf21962851703669519e034d"}
,"C:\\Users\\LABORATORIA\\BOG004-burger-queen-api-client\\src\\components\\waiter\\orderSummary.jsx": {"path":"C:\\Users\\LABORATORIA\\BOG004-burger-queen-api-client\\src\\components\\waiter\\orderSummary.jsx","statementMap":{"0":{"start":{"line":8,"column":21},"end":{"line":106,"column":1}},"1":{"start":{"line":9,"column":18},"end":{"line":9,"column":67}},"2":{"start":{"line":9,"column":32},"end":{"line":9,"column":62}},"3":{"start":{"line":11,"column":30},"end":{"line":13,"column":4}},"4":{"start":{"line":14,"column":32},"end":{"line":14,"column":44}},"5":{"start":{"line":16,"column":23},"end":{"line":52,"column":3}},"6":{"start":{"line":17,"column":4},"end":{"line":17,"column":23}},"7":{"start":{"line":18,"column":18},"end":{"line":18,"column":28}},"8":{"start":{"line":19,"column":17},"end":{"line":33,"column":5}},"9":{"start":{"line":35,"column":4},"end":{"line":41,"column":23}},"10":{"start":{"line":37,"column":8},"end":{"line":37,"column":45}},"11":{"start":{"line":39,"column":8},"end":{"line":39,"column":43}},"12":{"start":{"line":43,"column":4},"end":{"line":45,"column":7}},"13":{"start":{"line":47,"column":4},"end":{"line":47,"column":12}},"14":{"start":{"line":49,"column":4},"end":{"line":51,"column":13}},"15":{"start":{"line":50,"column":6},"end":{"line":50,"column":23}},"16":{"start":{"line":54,"column":2},"end":{"line":56,"column":16}},"17":{"start":{"line":55,"column":4},"end":{"line":55,"column":33}},"18":{"start":{"line":55,"column":17},"end":{"line":55,"column":32}},"19":{"start":{"line":58,"column":23},"end":{"line":67,"column":3}},"20":{"start":{"line":59,"column":23},"end":{"line":59,"column":24}},"21":{"start":{"line":60,"column":28},"end":{"line":60,"column":34}},"22":{"start":{"line":62,"column":22},"end":{"line":65,"column":5}},"23":{"start":{"line":66,"column":4},"end":{"line":66,"column":25}},"24":{"start":{"line":69,"column":21},"end":{"line":72,"column":3}},"25":{"start":{"line":70,"column":24},"end":{"line":70,"column":64}},"26":{"start":{"line":73,"column":2},"end":{"line":105,"column":4}}},"fnMap":{"0":{"name":"(anonymous_0)","decl":{"start":{"line":8,"column":21},"end":{"line":8,"column":22}},"loc":{"start":{"line":8,"column":70},"end":{"line":106,"column":1}},"line":8},"1":{"name":"(anonymous_1)","decl":{"start":{"line":9,"column":26},"end":{"line":9,"column":27}},"loc":{"start":{"line":9,"column":32},"end":{"line":9,"column":62}},"line":9},"2":{"name":"(anonymous_2)","decl":{"start":{"line":16,"column":23},"end":{"line":16,"column":24}},"loc":{"start":{"line":16,"column":30},"end":{"line":52,"column":3}},"line":16},"3":{"name":"(anonymous_3)","decl":{"start":{"line":36,"column":12},"end":{"line":36,"column":13}},"loc":{"start":{"line":36,"column":26},"end":{"line":40,"column":7}},"line":36},"4":{"name":"(anonymous_4)","decl":{"start":{"line":41,"column":13},"end":{"line":41,"column":14}},"loc":{"start":{"line":41,"column":19},"end":{"line":41,"column":21}},"line":41},"5":{"name":"(anonymous_5)","decl":{"start":{"line":49,"column":15},"end":{"line":49,"column":16}},"loc":{"start":{"line":49,"column":21},"end":{"line":51,"column":5}},"line":49},"6":{"name":"(anonymous_6)","decl":{"start":{"line":54,"column":12},"end":{"line":54,"column":13}},"loc":{"start":{"line":54,"column":18},"end":{"line":56,"column":3}},"line":54},"7":{"name":"(anonymous_7)","decl":{"start":{"line":55,"column":11},"end":{"line":55,"column":12}},"loc":{"start":{"line":55,"column":17},"end":{"line":55,"column":32}},"line":55},"8":{"name":"(anonymous_8)","decl":{"start":{"line":58,"column":23},"end":{"line":58,"column":24}},"loc":{"start":{"line":58,"column":30},"end":{"line":67,"column":3}},"line":58},"9":{"name":"(anonymous_9)","decl":{"start":{"line":70,"column":4},"end":{"line":70,"column":5}},"loc":{"start":{"line":70,"column":24},"end":{"line":70,"column":64}},"line":70}},"branchMap":{"0":{"loc":{"start":{"line":99,"column":7},"end":{"line":103,"column":11}},"type":"binary-expr","locations":[{"start":{"line":99,"column":7},"end":{"line":99,"column":14}},{"start":{"line":100,"column":12},"end":{"line":102,"column":20}}],"line":99}},"s":{"0":3,"1":5,"2":2,"3":5,"4":5,"5":5,"6":1,"7":1,"8":1,"9":1,"10":1,"11":1,"12":1,"13":1,"14":1,"15":0,"16":5,"17":2,"18":2,"19":5,"20":1,"21":1,"22":1,"23":1,"24":5,"25":4,"26":5},"f":{"0":5,"1":2,"2":1,"3":1,"4":0,"5":0,"6":2,"7":2,"8":1,"9":4},"b":{"0":[5,1]},"_coverageSchema":"1a1c01bbd47fc00a2c39e90264f33305004495a9","hash":"49f9ae753d72c43d5ad65711ddb957890b1a9a9d"}
,"C:\\Users\\LABORATORIA\\BOG004-burger-queen-api-client\\src\\components\\waiter\\product.jsx": {"path":"C:\\Users\\LABORATORIA\\BOG004-burger-queen-api-client\\src\\components\\waiter\\product.jsx","statementMap":{"0":{"start":{"line":3,"column":16},"end":{"line":17,"column":1}},"1":{"start":{"line":4,"column":18},"end":{"line":6,"column":3}},"2":{"start":{"line":5,"column":4},"end":{"line":5,"column":99}},"3":{"start":{"line":8,"column":2},"end":{"line":16,"column":4}}},"fnMap":{"0":{"name":"(anonymous_0)","decl":{"start":{"line":3,"column":16},"end":{"line":3,"column":17}},"loc":{"start":{"line":3,"column":27},"end":{"line":17,"column":1}},"line":3},"1":{"name":"(anonymous_1)","decl":{"start":{"line":4,"column":18},"end":{"line":4,"column":19}},"loc":{"start":{"line":4,"column":24},"end":{"line":6,"column":3}},"line":4}},"branchMap":{},"s":{"0":4,"1":5,"2":1,"3":5},"f":{"0":5,"1":1},"b":{},"_coverageSchema":"1a1c01bbd47fc00a2c39e90264f33305004495a9","hash":"9057d02b5ad2c718d3fcfbc533352edbdcd75c6d"}
,"C:\\Users\\LABORATORIA\\BOG004-burger-queen-api-client\\src\\components\\waiter\\productSummary.jsx": {"path":"C:\\Users\\LABORATORIA\\BOG004-burger-queen-api-client\\src\\components\\waiter\\productSummary.jsx","statementMap":{"0":{"start":{"line":5,"column":23},"end":{"line":24,"column":1}},"1":{"start":{"line":6,"column":2},"end":{"line":23,"column":5}},"2":{"start":{"line":7,"column":4},"end":{"line":22,"column":12}},"3":{"start":{"line":17,"column":29},"end":{"line":17,"column":60}}},"fnMap":{"0":{"name":"(anonymous_0)","decl":{"start":{"line":5,"column":23},"end":{"line":5,"column":24}},"loc":{"start":{"line":5,"column":65},"end":{"line":24,"column":1}},"line":5},"1":{"name":"(anonymous_1)","decl":{"start":{"line":6,"column":26},"end":{"line":6,"column":27}},"loc":{"start":{"line":7,"column":4},"end":{"line":22,"column":12}},"line":7},"2":{"name":"(anonymous_2)","decl":{"start":{"line":17,"column":23},"end":{"line":17,"column":24}},"loc":{"start":{"line":17,"column":29},"end":{"line":17,"column":60}},"line":17}},"branchMap":{},"s":{"0":4,"1":6,"2":5,"3":1},"f":{"0":6,"1":5,"2":1},"b":{},"_coverageSchema":"1a1c01bbd47fc00a2c39e90264f33305004495a9","hash":"cd24ba04f8690067e221d4a57b1e46f09560b659"}
,"C:\\Users\\LABORATORIA\\BOG004-burger-queen-api-client\\src\\router\\ProtectedRoute.jsx": {"path":"C:\\Users\\LABORATORIA\\BOG004-burger-queen-api-client\\src\\router\\ProtectedRoute.jsx","statementMap":{"0":{"start":{"line":5,"column":23},"end":{"line":39,"column":1}},"1":{"start":{"line":7,"column":15},"end":{"line":7,"column":28}},"2":{"start":{"line":8,"column":2},"end":{"line":8,"column":20}},"3":{"start":{"line":10,"column":20},"end":{"line":14,"column":3}},"4":{"start":{"line":15,"column":2},"end":{"line":15,"column":22}},"5":{"start":{"line":16,"column":2},"end":{"line":16,"column":42}},"6":{"start":{"line":25,"column":2},"end":{"line":30,"column":3}},"7":{"start":{"line":26,"column":4},"end":{"line":26,"column":29}},"8":{"start":{"line":27,"column":4},"end":{"line":27,"column":35}},"9":{"start":{"line":28,"column":4},"end":{"line":28,"column":41}},"10":{"start":{"line":38,"column":2},"end":{"line":38,"column":18}}},"fnMap":{"0":{"name":"(anonymous_0)","decl":{"start":{"line":5,"column":23},"end":{"line":5,"column":24}},"loc":{"start":{"line":5,"column":49},"end":{"line":39,"column":1}},"line":5}},"branchMap":{"0":{"loc":{"start":{"line":25,"column":2},"end":{"line":30,"column":3}},"type":"if","locations":[{"start":{"line":25,"column":2},"end":{"line":30,"column":3}},{"start":{},"end":{}}],"line":25},"1":{"loc":{"start":{"line":25,"column":6},"end":{"line":25,"column":89}},"type":"binary-expr","locations":[{"start":{"line":25,"column":6},"end":{"line":25,"column":23}},{"start":{"line":25,"column":27},"end":{"line":25,"column":89}}],"line":25}},"s":{"0":1,"1":0,"2":0,"3":0,"4":0,"5":0,"6":0,"7":0,"8":0,"9":0,"10":0},"f":{"0":0},"b":{"0":[0,0],"1":[0,0]},"_coverageSchema":"1a1c01bbd47fc00a2c39e90264f33305004495a9","hash":"350c242e0d5c14b381b1a2a630129d501dea9392"}
,"C:\\Users\\LABORATORIA\\BOG004-burger-queen-api-client\\src\\views\\Adminworkers.jsx": {"path":"C:\\Users\\LABORATORIA\\BOG004-burger-queen-api-client\\src\\views\\Adminworkers.jsx","statementMap":{"0":{"start":{"line":8,"column":23},"end":{"line":79,"column":1}},"1":{"start":{"line":9,"column":28},"end":{"line":9,"column":40}},"2":{"start":{"line":10,"column":18},"end":{"line":10,"column":64}},"3":{"start":{"line":10,"column":31},"end":{"line":10,"column":59}},"4":{"start":{"line":13,"column":18},"end":{"line":20,"column":5}},"5":{"start":{"line":14,"column":4},"end":{"line":19,"column":23}},"6":{"start":{"line":16,"column":8},"end":{"line":16,"column":32}},"7":{"start":{"line":17,"column":8},"end":{"line":17,"column":35}},"8":{"start":{"line":22,"column":21},"end":{"line":26,"column":5}},"9":{"start":{"line":23,"column":6},"end":{"line":25,"column":10}},"10":{"start":{"line":24,"column":8},"end":{"line":24,"column":21}},"11":{"start":{"line":28,"column":24},"end":{"line":32,"column":5}},"12":{"start":{"line":29,"column":6},"end":{"line":31,"column":9}},"13":{"start":{"line":30,"column":8},"end":{"line":30,"column":21}},"14":{"start":{"line":34,"column":4},"end":{"line":36,"column":11}},"15":{"start":{"line":35,"column":6},"end":{"line":35,"column":19}},"16":{"start":{"line":37,"column":4},"end":{"line":44,"column":17}},"17":{"start":{"line":38,"column":6},"end":{"line":42,"column":9}},"18":{"start":{"line":39,"column":8},"end":{"line":41,"column":9}},"19":{"start":{"line":40,"column":10},"end":{"line":40,"column":23}},"20":{"start":{"line":43,"column":6},"end":{"line":43,"column":34}},"21":{"start":{"line":43,"column":18},"end":{"line":43,"column":33}},"22":{"start":{"line":46,"column":2},"end":{"line":78,"column":4}},"23":{"start":{"line":61,"column":10},"end":{"line":74,"column":12}}},"fnMap":{"0":{"name":"(anonymous_0)","decl":{"start":{"line":8,"column":23},"end":{"line":8,"column":24}},"loc":{"start":{"line":8,"column":29},"end":{"line":79,"column":1}},"line":8},"1":{"name":"(anonymous_1)","decl":{"start":{"line":10,"column":26},"end":{"line":10,"column":27}},"loc":{"start":{"line":10,"column":31},"end":{"line":10,"column":59}},"line":10},"2":{"name":"(anonymous_2)","decl":{"start":{"line":13,"column":18},"end":{"line":13,"column":19}},"loc":{"start":{"line":13,"column":24},"end":{"line":20,"column":5}},"line":13},"3":{"name":"(anonymous_3)","decl":{"start":{"line":15,"column":12},"end":{"line":15,"column":13}},"loc":{"start":{"line":15,"column":26},"end":{"line":18,"column":7}},"line":15},"4":{"name":"(anonymous_4)","decl":{"start":{"line":19,"column":13},"end":{"line":19,"column":14}},"loc":{"start":{"line":19,"column":19},"end":{"line":19,"column":21}},"line":19},"5":{"name":"(anonymous_5)","decl":{"start":{"line":22,"column":21},"end":{"line":22,"column":22}},"loc":{"start":{"line":22,"column":35},"end":{"line":26,"column":5}},"line":22},"6":{"name":"(anonymous_6)","decl":{"start":{"line":23,"column":39},"end":{"line":23,"column":40}},"loc":{"start":{"line":23,"column":49},"end":{"line":25,"column":8}},"line":23},"7":{"name":"(anonymous_7)","decl":{"start":{"line":28,"column":24},"end":{"line":28,"column":25}},"loc":{"start":{"line":28,"column":32},"end":{"line":32,"column":5}},"line":28},"8":{"name":"(anonymous_8)","decl":{"start":{"line":29,"column":33},"end":{"line":29,"column":34}},"loc":{"start":{"line":29,"column":43},"end":{"line":31,"column":7}},"line":29},"9":{"name":"(anonymous_9)","decl":{"start":{"line":34,"column":14},"end":{"line":34,"column":15}},"loc":{"start":{"line":34,"column":20},"end":{"line":36,"column":5}},"line":34},"10":{"name":"(anonymous_10)","decl":{"start":{"line":37,"column":14},"end":{"line":37,"column":15}},"loc":{"start":{"line":37,"column":18},"end":{"line":44,"column":5}},"line":37},"11":{"name":"(anonymous_11)","decl":{"start":{"line":38,"column":41},"end":{"line":38,"column":42}},"loc":{"start":{"line":38,"column":52},"end":{"line":42,"column":7}},"line":38},"12":{"name":"(anonymous_12)","decl":{"start":{"line":43,"column":13},"end":{"line":43,"column":14}},"loc":{"start":{"line":43,"column":18},"end":{"line":43,"column":33}},"line":43},"13":{"name":"(anonymous_13)","decl":{"start":{"line":60,"column":19},"end":{"line":60,"column":20}},"loc":{"start":{"line":60,"column":29},"end":{"line":75,"column":9}},"line":60}},"branchMap":{"0":{"loc":{"start":{"line":39,"column":8},"end":{"line":41,"column":9}},"type":"if","locations":[{"start":{"line":39,"column":8},"end":{"line":41,"column":9}},{"start":{},"end":{}}],"line":39}},"s":{"0":2,"1":2,"2":2,"3":1,"4":2,"5":1,"6":1,"7":1,"8":2,"9":0,"10":0,"11":2,"12":0,"13":0,"14":2,"15":1,"16":2,"17":1,"18":0,"19":0,"20":1,"21":1,"22":2,"23":2},"f":{"0":2,"1":1,"2":1,"3":1,"4":0,"5":0,"6":0,"7":0,"8":0,"9":1,"10":1,"11":0,"12":1,"13":2},"b":{"0":[0,0]},"_coverageSchema":"1a1c01bbd47fc00a2c39e90264f33305004495a9","hash":"d531505d12949cb856319928a97b08d52deba68f"}
,"C:\\Users\\LABORATORIA\\BOG004-burger-queen-api-client\\src\\views\\Order.jsx": {"path":"C:\\Users\\LABORATORIA\\BOG004-burger-queen-api-client\\src\\views\\Order.jsx","statementMap":{"0":{"start":{"line":7,"column":24},"end":{"line":46,"column":1}},"1":{"start":{"line":8,"column":48},"end":{"line":8,"column":60}},"2":{"start":{"line":10,"column":21},"end":{"line":20,"column":3}},"3":{"start":{"line":11,"column":31},"end":{"line":11,"column":51}},"4":{"start":{"line":12,"column":0},"end":{"line":16,"column":1}},"5":{"start":{"line":12,"column":32},"end":{"line":12,"column":51}},"6":{"start":{"line":13,"column":2},"end":{"line":13,"column":66}},"7":{"start":{"line":13,"column":31},"end":{"line":13,"column":50}},"8":{"start":{"line":15,"column":2},"end":{"line":15,"column":53}},"9":{"start":{"line":17,"column":4},"end":{"line":17,"column":43}},"10":{"start":{"line":21,"column":24},"end":{"line":28,"column":3}},"11":{"start":{"line":22,"column":34},"end":{"line":22,"column":54}},"12":{"start":{"line":23,"column":6},"end":{"line":23,"column":65}},"13":{"start":{"line":23,"column":38},"end":{"line":23,"column":49}},"14":{"start":{"line":24,"column":6},"end":{"line":26,"column":7}},"15":{"start":{"line":24,"column":42},"end":{"line":24,"column":53}},"16":{"start":{"line":25,"column":8},"end":{"line":25,"column":91}},"17":{"start":{"line":25,"column":74},"end":{"line":25,"column":85}},"18":{"start":{"line":27,"column":4},"end":{"line":27,"column":46}},"19":{"start":{"line":32,"column":23},"end":{"line":34,"column":3}},"20":{"start":{"line":33,"column":6},"end":{"line":33,"column":29}},"21":{"start":{"line":37,"column":2},"end":{"line":45,"column":4}}},"fnMap":{"0":{"name":"(anonymous_0)","decl":{"start":{"line":7,"column":24},"end":{"line":7,"column":25}},"loc":{"start":{"line":7,"column":29},"end":{"line":46,"column":1}},"line":7},"1":{"name":"(anonymous_1)","decl":{"start":{"line":10,"column":21},"end":{"line":10,"column":22}},"loc":{"start":{"line":10,"column":34},"end":{"line":20,"column":3}},"line":10},"2":{"name":"(anonymous_2)","decl":{"start":{"line":12,"column":27},"end":{"line":12,"column":28}},"loc":{"start":{"line":12,"column":32},"end":{"line":12,"column":51}},"line":12},"3":{"name":"(anonymous_3)","decl":{"start":{"line":13,"column":26},"end":{"line":13,"column":27}},"loc":{"start":{"line":13,"column":31},"end":{"line":13,"column":50}},"line":13},"4":{"name":"(anonymous_4)","decl":{"start":{"line":21,"column":24},"end":{"line":21,"column":25}},"loc":{"start":{"line":21,"column":32},"end":{"line":28,"column":3}},"line":21},"5":{"name":"(anonymous_5)","decl":{"start":{"line":23,"column":33},"end":{"line":23,"column":34}},"loc":{"start":{"line":23,"column":38},"end":{"line":23,"column":49}},"line":23},"6":{"name":"(anonymous_6)","decl":{"start":{"line":24,"column":37},"end":{"line":24,"column":38}},"loc":{"start":{"line":24,"column":42},"end":{"line":24,"column":53}},"line":24},"7":{"name":"(anonymous_7)","decl":{"start":{"line":25,"column":69},"end":{"line":25,"column":70}},"loc":{"start":{"line":25,"column":74},"end":{"line":25,"column":85}},"line":25},"8":{"name":"(anonymous_8)","decl":{"start":{"line":32,"column":23},"end":{"line":32,"column":24}},"loc":{"start":{"line":32,"column":29},"end":{"line":34,"column":3}},"line":32}},"branchMap":{"0":{"loc":{"start":{"line":12,"column":0},"end":{"line":16,"column":1}},"type":"if","locations":[{"start":{"line":12,"column":0},"end":{"line":16,"column":1}},{"start":{"line":14,"column":5},"end":{"line":16,"column":1}}],"line":12},"1":{"loc":{"start":{"line":24,"column":6},"end":{"line":26,"column":7}},"type":"if","locations":[{"start":{"line":24,"column":6},"end":{"line":26,"column":7}},{"start":{},"end":{}}],"line":24}},"s":{"0":2,"1":1,"2":1,"3":0,"4":0,"5":0,"6":0,"7":0,"8":0,"9":0,"10":1,"11":0,"12":0,"13":0,"14":0,"15":0,"16":0,"17":0,"18":0,"19":1,"20":0,"21":1},"f":{"0":1,"1":0,"2":0,"3":0,"4":0,"5":0,"6":0,"7":0,"8":0},"b":{"0":[0,0],"1":[0,0]},"_coverageSchema":"1a1c01bbd47fc00a2c39e90264f33305004495a9","hash":"d63bc6fde3a13b364b2a86e717f626adfed81272"}
}
