TN:
SF:src\components\menuNavBar.jsx
FN:7,(anonymous_0)
FN:9,(anonymous_1)
FNF:2
FNH:2
FNDA:12,(anonymous_0)
FNDA:1,(anonymous_1)
DA:7,6
DA:8,12
DA:9,12
DA:10,1
DA:11,1
DA:13,12
LF:6
LH:6
BRF:0
BRH:0
end_of_record
TN:
SF:src\components\navBar.jsx
FN:10,(anonymous_0)
FN:14,(anonymous_1)
FNF:2
FNH:1
FNDA:12,(anonymous_0)
FNDA:0,(anonymous_1)
DA:10,6
DA:11,12
DA:14,12
DA:15,0
DA:18,12
LF:5
LH:4
BRDA:28,0,0,0
BRDA:28,0,1,12
BRF:2
BRH:1
end_of_record
TN:
SF:src\components\admin\adminFormWorkers.jsx
FN:9,(anonymous_0)
FN:10,(anonymous_1)
FN:37,(anonymous_2)
FN:42,(anonymous_3)
FN:46,(anonymous_4)
FN:53,(anonymous_5)
FN:64,(anonymous_6)
FN:65,(anonymous_7)
FN:68,(anonymous_8)
FN:80,(anonymous_9)
FN:89,(anonymous_10)
FN:100,(anonymous_11)
FNF:12
FNH:10
FNDA:10,(anonymous_0)
FNDA:4,(anonymous_1)
FNDA:1,(anonymous_2)
FNDA:1,(anonymous_3)
FNDA:1,(anonymous_4)
FNDA:0,(anonymous_5)
FNDA:4,(anonymous_6)
FNDA:4,(anonymous_7)
FNDA:3,(anonymous_8)
FNDA:1,(anonymous_9)
FNDA:1,(anonymous_10)
FNDA:0,(anonymous_11)
DA:9,3
DA:10,10
DA:14,10
DA:16,10
DA:18,10
DA:28,10
DA:37,10
DA:38,1
DA:39,1
DA:42,10
DA:43,1
DA:45,1
DA:46,1
DA:47,1
DA:48,1
DA:51,0
DA:53,1
DA:54,0
DA:56,1
DA:64,10
DA:65,4
DA:68,10
DA:70,3
DA:71,3
DA:72,3
DA:77,3
DA:80,10
DA:81,1
DA:85,1
DA:86,1
DA:89,10
DA:90,1
DA:92,10
DA:96,10
DA:100,0
LF:35
LH:32
BRDA:19,0,0,10
BRDA:19,0,1,9
BRDA:100,1,0,2
BRDA:100,1,1,8
BRDA:143,2,0,10
BRDA:143,2,1,0
BRDA:176,3,0,10
BRDA:176,3,1,0
BRDA:202,4,0,2
BRDA:202,4,1,8
BRDA:220,5,0,10
BRDA:220,5,1,0
BRDA:224,6,0,10
BRDA:224,6,1,1
BRF:14
BRH:11
end_of_record
TN:
SF:src\components\admin\adminProducts.jsx
FN:7,(anonymous_0)
FN:11,(anonymous_1)
FN:15,(anonymous_2)
FN:30,(anonymous_3)
FNF:4
FNH:4
FNDA:12,(anonymous_0)
FNDA:1,(anonymous_1)
FNDA:7,(anonymous_2)
FNDA:1,(anonymous_3)
DA:7,2
DA:8,12
DA:9,12
DA:11,12
DA:12,1
DA:15,12
DA:16,7
DA:20,12
DA:30,1
LF:9
LH:9
BRDA:22,0,0,11
BRDA:22,0,1,1
BRF:2
BRH:2
end_of_record
TN:
SF:src\components\admin\adminWorkers.jsx
FN:11,(anonymous_0)
FN:28,(anonymous_1)
FN:32,(anonymous_2)
FN:51,(anonymous_3)
FN:65,(anonymous_4)
FNF:5
FNH:5
FNDA:9,(anonymous_0)
FNDA:1,(anonymous_1)
FNDA:5,(anonymous_2)
FNDA:8,(anonymous_3)
FNDA:1,(anonymous_4)
DA:11,2
DA:20,9
DA:21,9
DA:28,9
DA:29,1
DA:32,9
DA:33,5
DA:36,9
DA:52,8
DA:65,1
LF:10
LH:10
BRDA:38,0,0,8
BRDA:38,0,1,1
BRDA:52,1,0,8
BRDA:52,1,1,0
BRF:4
BRH:3
end_of_record
TN:
SF:src\components\login\constants.js
FNF:0
FNH:0
DA:2,2
DA:4,2
DA:10,2
LF:3
LH:3
BRF:0
BRH:0
end_of_record
TN:
SF:src\components\login\login.jsx
FN:11,(anonymous_0)
FN:23,(anonymous_1)
FN:30,(anonymous_2)
FNF:3
FNH:3
FNDA:9,(anonymous_0)
FNDA:3,(anonymous_1)
FNDA:2,(anonymous_2)
DA:11,2
DA:18,9
DA:20,7
DA:22,7
DA:23,7
DA:24,3
DA:25,3
DA:26,3
DA:27,2
DA:29,2
DA:30,2
DA:32,2
DA:34,1
DA:35,1
DA:37,1
DA:38,1
DA:40,0
DA:41,0
DA:43,2
DA:45,1
DA:49,7
LF:21
LH:19
BRDA:32,0,0,1
BRDA:32,0,1,1
BRDA:32,0,2,0
BRDA:65,1,0,0
BRDA:65,1,1,7
BRDA:79,2,0,7
BRDA:79,2,1,7
BRDA:90,3,0,0
BRDA:90,3,1,7
BRDA:101,4,0,7
BRDA:101,4,1,7
BRF:11
BRH:8
end_of_record
TN:
SF:src\components\waiter\order.jsx
FN:7,Order
FN:12,(anonymous_1)
FN:14,(anonymous_2)
FN:16,(anonymous_3)
FN:19,(anonymous_4)
FN:22,(anonymous_5)
FN:26,(anonymous_6)
FN:28,(anonymous_7)
FN:32,(anonymous_8)
FN:33,(anonymous_9)
FN:38,(anonymous_10)
FN:46,(anonymous_11)
FN:47,(anonymous_12)
FN:50,(anonymous_13)
FNF:14
FNH:10
FNDA:6,Order
FNDA:2,(anonymous_1)
FNDA:2,(anonymous_2)
FNDA:1,(anonymous_3)
FNDA:0,(anonymous_4)
FNDA:2,(anonymous_5)
FNDA:3,(anonymous_6)
FNDA:3,(anonymous_7)
FNDA:2,(anonymous_8)
FNDA:0,(anonymous_9)
FNDA:2,(anonymous_10)
FNDA:0,(anonymous_11)
FNDA:0,(anonymous_12)
FNDA:2,(anonymous_13)
DA:9,6
DA:10,6
DA:11,6
DA:12,6
DA:14,6
DA:15,2
DA:17,1
DA:22,6
DA:23,2
DA:26,6
DA:28,3
DA:32,6
DA:33,2
DA:34,0
DA:35,0
DA:38,2
DA:42,6
DA:46,0
DA:47,0
DA:51,2
LF:20
LH:16
BRDA:34,0,0,0
BRDA:34,0,1,0
BRF:2
BRH:0
end_of_record
TN:
SF:src\components\waiter\orderSummary.jsx
FN:7,(anonymous_0)
FN:8,(anonymous_1)
FN:15,(anonymous_2)
FN:35,(anonymous_3)
FN:40,(anonymous_4)
FN:48,(anonymous_5)
FN:53,(anonymous_6)
FN:54,(anonymous_7)
FN:57,(anonymous_8)
FN:69,(anonymous_9)
FNF:10
FNH:8
FNDA:5,(anonymous_0)
FNDA:2,(anonymous_1)
FNDA:1,(anonymous_2)
FNDA:1,(anonymous_3)
FNDA:0,(anonymous_4)
FNDA:0,(anonymous_5)
FNDA:2,(anonymous_6)
FNDA:2,(anonymous_7)
FNDA:1,(anonymous_8)
FNDA:4,(anonymous_9)
DA:7,2
DA:8,5
DA:10,5
DA:13,5
DA:15,5
DA:16,1
DA:17,1
DA:18,1
DA:34,1
DA:36,1
DA:38,1
DA:42,1
DA:46,1
DA:48,1
DA:49,0
DA:53,5
DA:54,2
DA:57,5
DA:58,1
DA:59,1
DA:61,1
DA:65,1
DA:68,5
DA:69,4
DA:72,5
LF:25
LH:24
BRDA:98,0,0,5
BRDA:98,0,1,1
BRF:2
BRH:2
end_of_record
TN:
SF:src\components\waiter\product.jsx
FN:3,(anonymous_0)
FN:4,(anonymous_1)
FNF:2
FNH:2
FNDA:5,(anonymous_0)
FNDA:1,(anonymous_1)
DA:3,3
DA:4,5
DA:5,1
DA:8,5
LF:4
LH:4
BRF:0
BRH:0
end_of_record
TN:
SF:src\components\waiter\readyOrder\deliveredOrder.jsx
FN:4,(anonymous_0)
FNF:1
FNH:1
FNDA:3,(anonymous_0)
DA:4,2
DA:5,3
LF:2
LH:2
BRF:0
BRH:0
end_of_record
TN:
SF:src\components\waiter\readyOrder\readyOrder.jsx
FN:4,(anonymous_0)
FN:5,(anonymous_1)
FN:16,(anonymous_2)
FNF:3
FNH:3
FNDA:3,(anonymous_0)
FNDA:1,(anonymous_1)
FNDA:5,(anonymous_2)
DA:4,2
DA:5,3
DA:6,1
DA:7,1
DA:10,3
DA:17,5
LF:6
LH:6
BRF:0
BRH:0
end_of_record
TN:
SF:src\providers\UserProvider.js
FN:4,(anonymous_0)
FN:8,(anonymous_1)
FN:12,(anonymous_2)
FN:16,(anonymous_3)
FN:20,(anonymous_4)
FN:24,(anonymous_5)
FN:28,(anonymous_6)
FN:38,(anonymous_7)
FN:47,(anonymous_8)
FNF:9
FNH:0
FNDA:0,(anonymous_0)
FNDA:0,(anonymous_1)
FNDA:0,(anonymous_2)
FNDA:0,(anonymous_3)
FNDA:0,(anonymous_4)
FNDA:0,(anonymous_5)
FNDA:0,(anonymous_6)
FNDA:0,(anonymous_7)
FNDA:0,(anonymous_8)
DA:2,3
DA:4,3
DA:5,0
DA:8,3
DA:9,0
DA:12,3
DA:13,0
DA:16,3
DA:17,0
DA:20,3
DA:21,0
DA:24,3
DA:25,0
DA:28,3
DA:29,0
DA:38,3
DA:39,0
DA:47,3
DA:48,0
LF:19
LH:10
BRF:0
BRH:0
end_of_record
TN:
SF:src\router\ProtectedRoute.jsx
FN:5,(anonymous_0)
FN:16,(anonymous_1)
FNF:2
FNH:1
FNDA:2,(anonymous_0)
FNDA:0,(anonymous_1)
DA:5,1
DA:7,2
DA:9,2
DA:14,2
DA:15,0
DA:16,0
DA:17,0
DA:18,0
DA:20,2
DA:21,1
DA:25,1
LF:11
LH:7
BRDA:14,0,0,0
BRDA:14,0,1,2
BRDA:14,1,0,2
BRDA:14,1,1,0
BRDA:20,2,0,1
BRDA:20,2,1,1
BRDA:20,3,0,2
BRDA:20,3,1,2
BRF:8
BRH:6
end_of_record
TN:
SF:src\utils\constants.js
FNF:0
FNH:0
DA:1,9
DA:7,9
LF:2
LH:2
BRF:0
BRH:0
end_of_record
TN:
SF:src\views\Adminproducts.jsx
FN:9,(anonymous_0)
FN:11,(anonymous_1)
FN:13,(anonymous_2)
FN:15,(anonymous_3)
FN:18,(anonymous_4)
FN:20,(anonymous_5)
FN:21,(anonymous_6)
FN:26,(anonymous_7)
FN:27,(anonymous_8)
FN:32,(anonymous_9)
FN:35,(anonymous_10)
FN:36,(anonymous_11)
FN:41,(anonymous_12)
FN:58,(anonymous_13)
FNF:14
FNH:8
FNDA:2,(anonymous_0)
FNDA:1,(anonymous_1)
FNDA:1,(anonymous_2)
FNDA:1,(anonymous_3)
FNDA:0,(anonymous_4)
FNDA:0,(anonymous_5)
FNDA:0,(anonymous_6)
FNDA:0,(anonymous_7)
FNDA:0,(anonymous_8)
FNDA:1,(anonymous_9)
FNDA:1,(anonymous_10)
FNDA:0,(anonymous_11)
FNDA:1,(anonymous_12)
FNDA:3,(anonymous_13)
DA:9,1
DA:10,2
DA:11,2
DA:13,2
DA:14,1
DA:16,1
DA:20,2
DA:21,0
DA:22,0
DA:26,2
DA:27,0
DA:28,0
DA:32,2
DA:33,1
DA:35,2
DA:36,1
DA:37,0
DA:38,0
DA:41,1
DA:44,2
DA:59,3
LF:21
LH:15
BRDA:37,0,0,0
BRDA:37,0,1,0
BRF:2
BRH:0
end_of_record
TN:
SF:src\views\Adminworkers.jsx
FN:9,(anonymous_0)
FN:11,(anonymous_1)
FN:14,(anonymous_2)
FN:16,(anonymous_3)
FN:19,(anonymous_4)
FN:22,(anonymous_5)
FN:23,(anonymous_6)
FN:28,(anonymous_7)
FN:29,(anonymous_8)
FN:34,(anonymous_9)
FN:37,(anonymous_10)
FN:38,(anonymous_11)
FN:43,(anonymous_12)
FN:60,(anonymous_13)
FNF:14
FNH:8
FNDA:2,(anonymous_0)
FNDA:1,(anonymous_1)
FNDA:1,(anonymous_2)
FNDA:1,(anonymous_3)
FNDA:0,(anonymous_4)
FNDA:0,(anonymous_5)
FNDA:0,(anonymous_6)
FNDA:0,(anonymous_7)
FNDA:0,(anonymous_8)
FNDA:1,(anonymous_9)
FNDA:1,(anonymous_10)
FNDA:0,(anonymous_11)
FNDA:1,(anonymous_12)
FNDA:2,(anonymous_13)
DA:9,1
DA:10,2
DA:11,2
DA:14,2
DA:15,1
DA:17,1
DA:22,2
DA:23,0
DA:24,0
DA:28,2
DA:29,0
DA:30,0
DA:34,2
DA:35,1
DA:37,2
DA:38,1
DA:39,0
DA:40,0
DA:43,1
DA:46,2
DA:61,2
LF:21
LH:15
BRDA:39,0,0,0
BRDA:39,0,1,0
BRF:2
BRH:0
end_of_record
TN:
SF:src\views\Kitchen.jsx
FN:8,(anonymous_0)
FN:9,(anonymous_1)
FN:13,(anonymous_2)
FN:15,(anonymous_3)
FN:17,(anonymous_4)
FN:24,(anonymous_5)
FN:26,(anonymous_6)
FN:30,(anonymous_7)
FN:33,(anonymous_8)
FN:37,(anonymous_9)
FN:38,(anonymous_10)
FN:43,(anonymous_11)
FN:52,(anonymous_12)
FN:53,(anonymous_13)
FNF:14
FNH:9
FNDA:2,(anonymous_0)
FNDA:1,(anonymous_1)
FNDA:0,(anonymous_2)
FNDA:0,(anonymous_3)
FNDA:0,(anonymous_4)
FNDA:1,(anonymous_5)
FNDA:1,(anonymous_6)
FNDA:0,(anonymous_7)
FNDA:1,(anonymous_8)
FNDA:1,(anonymous_9)
FNDA:0,(anonymous_10)
FNDA:1,(anonymous_11)
FNDA:4,(anonymous_12)
FNDA:2,(anonymous_13)
DA:8,1
DA:9,2
DA:10,2
DA:13,2
DA:14,0
DA:15,0
DA:16,0
DA:17,0
DA:22,0
DA:24,2
DA:25,1
DA:28,1
DA:33,2
DA:34,1
DA:37,2
DA:38,1
DA:39,0
DA:40,0
DA:43,1
DA:47,2
DA:52,4
DA:54,2
LF:22
LH:15
BRDA:15,0,0,0
BRDA:15,0,1,0
BRDA:39,1,0,0
BRDA:39,1,1,0
BRF:4
BRH:0
end_of_record
TN:
SF:src\views\Login.jsx
FN:7,(anonymous_0)
FNF:1
FNH:1
FNDA:2,(anonymous_0)
DA:7,1
DA:8,2
LF:2
LH:2
BRF:0
BRH:0
end_of_record
TN:
SF:src\views\Order.jsx
FN:8,(anonymous_0)
FN:11,(anonymous_1)
FN:13,(anonymous_2)
FN:14,(anonymous_3)
FN:22,(anonymous_4)
FN:24,(anonymous_5)
FN:25,(anonymous_6)
FN:26,(anonymous_7)
FN:33,(anonymous_8)
FNF:9
FNH:1
FNDA:1,(anonymous_0)
FNDA:0,(anonymous_1)
FNDA:0,(anonymous_2)
FNDA:0,(anonymous_3)
FNDA:0,(anonymous_4)
FNDA:0,(anonymous_5)
FNDA:0,(anonymous_6)
FNDA:0,(anonymous_7)
FNDA:0,(anonymous_8)
DA:8,1
DA:9,1
DA:11,1
DA:12,0
DA:13,0
DA:14,0
DA:16,0
DA:18,0
DA:22,1
DA:23,0
DA:24,0
DA:25,0
DA:26,0
DA:28,0
DA:33,1
DA:34,0
DA:38,1
LF:17
LH:6
BRDA:13,0,0,0
BRDA:13,0,1,0
BRDA:25,1,0,0
BRDA:25,1,1,0
BRF:4
BRH:0
end_of_record
TN:
SF:src\views\ReadyOrders.jsx
FN:10,(anonymous_0)
FN:11,(anonymous_1)
FN:16,(anonymous_2)
FN:19,(anonymous_3)
FN:23,(anonymous_4)
FN:25,(anonymous_5)
FN:29,(anonymous_6)
FN:32,(anonymous_7)
FN:37,(anonymous_8)
FN:38,(anonymous_9)
FN:43,(anonymous_10)
FN:46,(anonymous_11)
FN:49,(anonymous_12)
FN:51,(anonymous_13)
FN:70,(anonymous_14)
FN:71,(anonymous_15)
FN:100,(anonymous_16)
FN:101,(anonymous_17)
FNF:18
FNH:11
FNDA:4,(anonymous_0)
FNDA:2,(anonymous_1)
FNDA:0,(anonymous_2)
FNDA:0,(anonymous_3)
FNDA:2,(anonymous_4)
FNDA:2,(anonymous_5)
FNDA:0,(anonymous_6)
FNDA:2,(anonymous_7)
FNDA:2,(anonymous_8)
FNDA:0,(anonymous_9)
FNDA:2,(anonymous_10)
FNDA:0,(anonymous_11)
FNDA:0,(anonymous_12)
FNDA:0,(anonymous_13)
FNDA:8,(anonymous_14)
FNDA:2,(anonymous_15)
FNDA:8,(anonymous_16)
FNDA:2,(anonymous_17)
DA:10,1
DA:11,4
DA:13,4
DA:14,4
DA:16,4
DA:17,0
DA:18,0
DA:19,0
DA:20,0
DA:23,4
DA:24,2
DA:27,2
DA:32,4
DA:34,2
DA:37,4
DA:38,2
DA:39,0
DA:40,0
DA:43,2
DA:46,4
DA:47,0
DA:49,0
DA:50,0
DA:51,0
DA:56,0
DA:59,4
DA:70,8
DA:72,2
DA:100,8
DA:102,2
LF:30
LH:19
BRDA:39,0,0,0
BRDA:39,0,1,0
BRDA:49,1,0,0
BRDA:49,1,1,0
BRF:4
BRH:0
end_of_record
TN:
SF:src\views\constants.js
FNF:0
FNH:0
DA:1,1
LF:1
LH:1
BRF:0
BRH:0
end_of_record
