TN:
SF:src/babel.config.js
FNF:0
FNH:0
DA:1,0
LF:1
LH:0
BRF:0
BRH:0
end_of_record
TN:
SF:src/index.js
FNF:0
FNH:0
DA:7,0
DA:8,0
DA:17,0
LF:3
LH:0
BRF:0
BRH:0
end_of_record
TN:
SF:src/reportWebVitals.js
FN:1,(anonymous_0)
FN:3,(anonymous_1)
FNF:2
FNH:0
FNDA:0,(anonymous_0)
FNDA:0,(anonymous_1)
DA:1,0
DA:2,0
DA:3,0
DA:4,0
DA:5,0
DA:6,0
DA:7,0
DA:8,0
LF:8
LH:0
BRDA:2,0,0,0
BRDA:2,0,1,0
BRDA:2,1,0,0
BRDA:2,1,1,0
BRF:4
BRH:0
end_of_record
TN:
SF:src/components/navBar.jsx
FN:8,(anonymous_0)
FN:10,(anonymous_1)
FNF:2
FNH:0
FNDA:0,(anonymous_0)
FNDA:0,(anonymous_1)
DA:8,0
DA:9,0
DA:10,0
DA:11,0
DA:12,0
DA:14,0
LF:6
LH:0
BRF:0
BRH:0
end_of_record
TN:
SF:src/components/admin/adminFormProducts.jsx
FNF:0
FNH:0
LF:0
LH:0
BRF:0
BRH:0
end_of_record
TN:
SF:src/components/admin/adminFormWorkers.jsx
FN:9,(anonymous_0)
FN:31,(anonymous_1)
FN:44,(anonymous_2)
FN:54,(anonymous_3)
FN:66,(anonymous_4)
FNF:5
FNH:0
FNDA:0,(anonymous_0)
FNDA:0,(anonymous_1)
FNDA:0,(anonymous_2)
FNDA:0,(anonymous_3)
FNDA:0,(anonymous_4)
DA:9,0
DA:13,0
DA:15,0
DA:16,0
DA:23,0
DA:25,0
DA:31,0
DA:32,0
DA:34,0
DA:35,0
DA:42,0
DA:44,0
DA:45,0
DA:47,0
DA:54,0
DA:56,0
DA:57,0
DA:59,0
DA:64,0
DA:66,0
DA:67,0
DA:69,0
DA:73,0
LF:23
LH:0
BRDA:118,0,0,0
BRDA:118,0,1,0
BRDA:151,1,0,0
BRDA:151,1,1,0
BRDA:175,2,0,0
BRDA:175,2,1,0
BRDA:179,3,0,0
BRDA:179,3,1,0
BRF:8
BRH:0
end_of_record
TN:
SF:src/components/admin/adminProducts.jsx
FNF:0
FNH:0
LF:0
LH:0
BRF:0
BRH:0
end_of_record
TN:
SF:src/components/admin/adminWorkers.jsx
FN:5,(anonymous_0)
FN:8,(anonymous_1)
FN:10,(anonymous_2)
FN:13,(anonymous_3)
FN:18,(anonymous_4)
FNF:5
FNH:0
FNDA:0,(anonymous_0)
FNDA:0,(anonymous_1)
FNDA:0,(anonymous_2)
FNDA:0,(anonymous_3)
FNDA:0,(anonymous_4)
DA:5,0
DA:6,0
DA:8,0
DA:9,0
DA:11,0
DA:16,0
DA:19,0
LF:7
LH:0
BRF:0
BRH:0
end_of_record
TN:
SF:src/components/kitchen/kitchen.jsx
FN:6,(anonymous_0)
FN:8,(anonymous_1)
FN:25,(anonymous_2)
FN:26,(anonymous_3)
FN:32,(anonymous_4)
FN:45,(anonymous_5)
FN:64,(anonymous_6)
FN:65,(anonymous_7)
FN:73,(anonymous_8)
FNF:9
FNH:8
FNDA:2,(anonymous_0)
FNDA:1,(anonymous_1)
FNDA:1,(anonymous_2)
FNDA:1,(anonymous_3)
FNDA:3,(anonymous_4)
FNDA:0,(anonymous_5)
FNDA:1,(anonymous_6)
FNDA:1,(anonymous_7)
FNDA:2,(anonymous_8)
DA:6,1
DA:7,2
DA:8,2
DA:10,2
DA:11,2
DA:24,2
DA:25,2
DA:26,1
DA:27,1
DA:32,1
DA:33,3
DA:34,3
DA:35,3
DA:37,3
DA:38,3
DA:39,3
DA:41,3
DA:43,1
DA:45,1
DA:46,0
DA:47,0
DA:50,1
DA:51,0
DA:55,1
DA:61,1
DA:64,2
DA:65,1
DA:68,2
DA:74,2
LF:29
LH:26
BRDA:37,0,0,3
BRDA:37,0,1,0
BRDA:38,1,0,0
BRDA:38,1,1,3
BRDA:39,2,0,3
BRDA:39,2,1,0
BRDA:50,3,0,0
BRDA:50,3,1,1
BRDA:89,4,0,2
BRDA:89,4,1,1
BRF:10
BRH:6
end_of_record
TN:
SF:src/components/login/login.jsx
FN:10,(anonymous_0)
FN:25,(anonymous_1)
FN:33,(anonymous_2)
FN:46,(anonymous_3)
FN:58,(anonymous_4)
FNF:5
FNH:4
FNDA:7,(anonymous_0)
FNDA:2,(anonymous_1)
FNDA:3,(anonymous_2)
FNDA:4,(anonymous_3)
FNDA:0,(anonymous_4)
DA:10,1
DA:14,7
DA:17,7
DA:19,7
DA:20,7
DA:25,7
DA:26,2
DA:28,2
DA:29,2
DA:30,1
DA:32,1
DA:33,3
DA:34,1
DA:35,1
DA:36,1
DA:37,0
DA:38,0
DA:40,0
DA:43,1
DA:46,7
DA:48,4
DA:49,4
DA:51,4
DA:56,4
DA:58,7
DA:59,0
DA:61,7
DA:64,7
LF:28
LH:24
BRDA:35,0,0,1
BRDA:35,0,1,0
BRDA:37,1,0,0
BRDA:37,1,1,0
BRDA:92,2,0,7
BRDA:92,2,1,0
BRDA:124,3,0,7
BRDA:124,3,1,0
BRDA:128,4,0,7
BRDA:128,4,1,1
BRF:10
BRH:5
end_of_record
TN:
SF:src/components/waiter/order.jsx
FN:7,Order
FN:14,(anonymous_1)
FN:16,(anonymous_2)
FN:19,(anonymous_3)
FN:22,(anonymous_4)
FN:24,(anonymous_5)
FN:33,(anonymous_6)
FN:34,(anonymous_7)
FN:37,(anonymous_8)
FNF:9
FNH:6
FNDA:4,Order
FNDA:1,(anonymous_1)
FNDA:1,(anonymous_2)
FNDA:0,(anonymous_3)
FNDA:2,(anonymous_4)
FNDA:3,(anonymous_5)
FNDA:0,(anonymous_6)
FNDA:0,(anonymous_7)
FNDA:2,(anonymous_8)
DA:9,4
DA:10,4
DA:11,4
DA:14,4
DA:15,1
DA:17,1
DA:22,4
DA:24,3
DA:29,4
DA:33,0
DA:34,0
DA:38,2
LF:12
LH:10
BRF:0
BRH:0
end_of_record
TN:
SF:src/components/waiter/orderSummary.jsx
FN:7,(anonymous_0)
FN:8,(anonymous_1)
FN:15,(anonymous_2)
FN:35,(anonymous_3)
FN:40,(anonymous_4)
FN:48,(anonymous_5)
FN:53,(anonymous_6)
FN:54,(anonymous_7)
FN:57,(anonymous_8)
FN:69,(anonymous_9)
FNF:10
FNH:8
FNDA:4,(anonymous_0)
FNDA:1,(anonymous_1)
FNDA:1,(anonymous_2)
FNDA:1,(anonymous_3)
FNDA:0,(anonymous_4)
FNDA:0,(anonymous_5)
FNDA:1,(anonymous_6)
FNDA:1,(anonymous_7)
FNDA:1,(anonymous_8)
FNDA:4,(anonymous_9)
DA:7,1
DA:8,4
DA:10,4
DA:13,4
DA:15,4
DA:16,1
DA:17,1
DA:18,1
DA:34,1
DA:36,1
DA:38,1
DA:42,1
DA:46,1
DA:48,1
DA:49,0
DA:53,4
DA:54,1
DA:57,4
DA:58,1
DA:59,1
DA:61,1
DA:65,1
DA:68,4
DA:69,4
DA:72,4
LF:25
LH:24
BRDA:98,0,0,4
BRDA:98,0,1,1
BRF:2
BRH:2
end_of_record
TN:
SF:src/components/waiter/product.jsx
FN:3,(anonymous_0)
FN:4,(anonymous_1)
FNF:2
FNH:2
FNDA:5,(anonymous_0)
FNDA:1,(anonymous_1)
DA:3,2
DA:4,5
DA:5,1
DA:8,5
LF:4
LH:4
BRF:0
BRH:0
end_of_record
TN:
SF:src/components/waiter/productSummary.jsx
FN:4,(anonymous_0)
FN:8,(anonymous_1)
FN:19,(anonymous_2)
FNF:3
FNH:3
FNDA:5,(anonymous_0)
FNDA:5,(anonymous_1)
FNDA:1,(anonymous_2)
DA:4,2
DA:8,5
DA:9,5
DA:19,1
LF:4
LH:4
BRF:0
BRH:0
end_of_record
TN:
SF:src/components/waiter/readyOrder/deliveredOrder.jsx
FN:4,(anonymous_0)
FNF:1
FNH:1
FNDA:1,(anonymous_0)
DA:4,1
DA:5,1
LF:2
LH:2
BRF:0
BRH:0
end_of_record
TN:
SF:src/components/waiter/readyOrder/readyOrder.jsx
FN:4,(anonymous_0)
FN:6,(anonymous_1)
FN:16,(anonymous_2)
FNF:3
FNH:3
FNDA:1,(anonymous_0)
FNDA:1,(anonymous_1)
FNDA:1,(anonymous_2)
DA:4,1
DA:5,1
DA:6,1
DA:7,1
DA:8,1
DA:11,1
DA:17,1
LF:7
LH:7
BRF:0
BRH:0
end_of_record
TN:
SF:src/providers/OrderProducts.js
FN:5,(anonymous_0)
FN:12,(anonymous_1)
FN:21,(anonymous_2)
FN:29,(anonymous_3)
FN:37,(anonymous_4)
FN:45,(anonymous_5)
FNF:6
FNH:0
FNDA:0,(anonymous_0)
FNDA:0,(anonymous_1)
FNDA:0,(anonymous_2)
FNDA:0,(anonymous_3)
FNDA:0,(anonymous_4)
FNDA:0,(anonymous_5)
DA:3,0
DA:5,0
DA:7,0
DA:12,0
DA:13,0
DA:21,0
DA:22,0
DA:29,0
DA:30,0
DA:37,0
DA:38,0
DA:45,0
DA:46,0
LF:13
LH:0
BRF:0
BRH:0
end_of_record
TN:
SF:src/providers/UserProvider.js
FN:5,(anonymous_0)
FN:10,(anonymous_1)
FN:15,(anonymous_2)
FN:19,(anonymous_3)
FN:23,(anonymous_4)
FN:27,(anonymous_5)
FN:31,(anonymous_6)
FNF:7
FNH:5
FNDA:0,(anonymous_0)
FNDA:2,(anonymous_1)
FNDA:1,(anonymous_2)
FNDA:1,(anonymous_3)
FNDA:1,(anonymous_4)
FNDA:0,(anonymous_5)
FNDA:1,(anonymous_6)
DA:2,1
DA:5,1
DA:7,0
DA:10,1
DA:11,2
DA:15,1
DA:16,1
DA:19,1
DA:20,1
DA:23,1
DA:24,1
DA:27,1
DA:28,0
DA:31,1
DA:32,1
LF:15
LH:13
BRF:0
BRH:0
end_of_record
TN:
SF:src/router/Router.js
FN:11,(anonymous_0)
FNF:1
FNH:0
FNDA:0,(anonymous_0)
DA:11,0
DA:12,0
LF:2
LH:0
BRF:0
BRH:0
end_of_record
TN:
SF:src/views/Adminproducts.jsx
FN:4,(anonymous_0)
FNF:1
FNH:0
FNDA:0,(anonymous_0)
DA:4,0
DA:7,0
LF:2
LH:0
BRF:0
BRH:0
end_of_record
TN:
SF:src/views/Adminworkers.jsx
FN:6,(anonymous_0)
FNF:1
FNH:0
FNDA:0,(anonymous_0)
DA:6,0
DA:9,0
LF:2
LH:0
BRF:0
BRH:0
end_of_record
TN:
SF:src/views/Kitchen.jsx
FN:8,(anonymous_0)
FN:9,(anonymous_1)
FN:13,(anonymous_2)
FN:17,(anonymous_3)
FN:19,(anonymous_4)
FN:26,(anonymous_5)
FN:28,(anonymous_6)
FN:33,(anonymous_7)
FN:36,(anonymous_8)
FN:40,(anonymous_9)
FN:42,(anonymous_10)
FN:47,(anonymous_11)
FN:56,(anonymous_12)
FN:57,(anonymous_13)
FNF:14
FNH:0
FNDA:0,(anonymous_0)
FNDA:0,(anonymous_1)
FNDA:0,(anonymous_2)
FNDA:0,(anonymous_3)
FNDA:0,(anonymous_4)
FNDA:0,(anonymous_5)
FNDA:0,(anonymous_6)
FNDA:0,(anonymous_7)
FNDA:0,(anonymous_8)
FNDA:0,(anonymous_9)
FNDA:0,(anonymous_10)
FNDA:0,(anonymous_11)
FNDA:0,(anonymous_12)
FNDA:0,(anonymous_13)
DA:8,0
DA:9,0
DA:10,0
DA:13,0
DA:14,0
DA:15,0
DA:16,0
DA:17,0
DA:18,0
DA:19,0
DA:24,0
DA:26,0
DA:27,0
DA:30,0
DA:31,0
DA:36,0
DA:37,0
DA:40,0
DA:41,0
DA:42,0
DA:43,0
DA:44,0
DA:47,0
DA:51,0
DA:56,0
DA:58,0
LF:26
LH:0
BRDA:17,0,0,0
BRDA:17,0,1,0
BRDA:43,1,0,0
BRDA:43,1,1,0
BRF:4
BRH:0
end_of_record
TN:
SF:src/views/Login.jsx
FN:7,(anonymous_0)
FNF:1
FNH:0
FNDA:0,(anonymous_0)
DA:7,0
DA:8,0
LF:2
LH:0
BRF:0
BRH:0
end_of_record
TN:
SF:src/views/Order.jsx
FN:7,(anonymous_0)
FN:10,(anonymous_1)
FN:12,(anonymous_2)
FN:13,(anonymous_3)
FN:21,(anonymous_4)
FN:23,(anonymous_5)
FN:24,(anonymous_6)
FN:25,(anonymous_7)
FN:32,(anonymous_8)
FNF:9
FNH:0
FNDA:0,(anonymous_0)
FNDA:0,(anonymous_1)
FNDA:0,(anonymous_2)
FNDA:0,(anonymous_3)
FNDA:0,(anonymous_4)
FNDA:0,(anonymous_5)
FNDA:0,(anonymous_6)
FNDA:0,(anonymous_7)
FNDA:0,(anonymous_8)
DA:7,0
DA:8,0
DA:10,0
DA:11,0
DA:12,0
DA:13,0
DA:15,0
DA:17,0
DA:18,0
DA:21,0
DA:22,0
DA:23,0
DA:24,0
DA:25,0
DA:27,0
DA:32,0
DA:33,0
DA:37,0
LF:18
LH:0
BRDA:12,0,0,0
BRDA:12,0,1,0
BRDA:24,1,0,0
BRDA:24,1,1,0
BRF:4
BRH:0
end_of_record
TN:
SF:src/views/ReadyOrders.jsx
FN:9,(anonymous_0)
FN:10,(anonymous_1)
FN:15,(anonymous_2)
FN:18,(anonymous_3)
FN:22,(anonymous_4)
FN:24,(anonymous_5)
FN:29,(anonymous_6)
FN:32,(anonymous_7)
FN:37,(anonymous_8)
FN:39,(anonymous_9)
FN:44,(anonymous_10)
FN:47,(anonymous_11)
FN:50,(anonymous_12)
FN:52,(anonymous_13)
FN:71,(anonymous_14)
FN:72,(anonymous_15)
FN:95,(anonymous_16)
FN:96,(anonymous_17)
FNF:18
FNH:0
FNDA:0,(anonymous_0)
FNDA:0,(anonymous_1)
FNDA:0,(anonymous_2)
FNDA:0,(anonymous_3)
FNDA:0,(anonymous_4)
FNDA:0,(anonymous_5)
FNDA:0,(anonymous_6)
FNDA:0,(anonymous_7)
FNDA:0,(anonymous_8)
FNDA:0,(anonymous_9)
FNDA:0,(anonymous_10)
FNDA:0,(anonymous_11)
FNDA:0,(anonymous_12)
FNDA:0,(anonymous_13)
FNDA:0,(anonymous_14)
FNDA:0,(anonymous_15)
FNDA:0,(anonymous_16)
FNDA:0,(anonymous_17)
DA:9,0
DA:10,0
DA:12,0
DA:13,0
DA:15,0
DA:16,0
DA:17,0
DA:18,0
DA:19,0
DA:22,0
DA:23,0
DA:26,0
DA:27,0
DA:32,0
DA:34,0
DA:37,0
DA:38,0
DA:39,0
DA:40,0
DA:41,0
DA:44,0
DA:47,0
DA:48,0
DA:50,0
DA:51,0
DA:52,0
DA:57,0
DA:59,0
DA:60,0
DA:71,0
DA:73,0
DA:95,0
DA:97,0
LF:33
LH:0
BRDA:40,0,0,0
BRDA:40,0,1,0
BRDA:50,1,0,0
BRDA:50,1,1,0
BRF:4
BRH:0
end_of_record
